{"/Users/dhorton/beachdog-enterprises/beachdog-networks/git/jambones.org/git/client-sdks/agent-toolkit/typescript/docs/assets/hierarchy.js": {"path":"/Users/dhorton/beachdog-enterprises/beachdog-networks/git/jambones.org/git/client-sdks/agent-toolkit/typescript/docs/assets/hierarchy.js","all":true,"statementMap":{"0":{"start":{"line":1,"column":0},"end":{"line":1,"column":225}}},"s":{"0":0},"branchMap":{"0":{"type":"branch","line":1,"loc":{"start":{"line":1,"column":0},"end":{"line":1,"column":225}},"locations":[{"start":{"line":1,"column":0},"end":{"line":1,"column":225}}]}},"b":{"0":[0]},"fnMap":{"0":{"name":"(empty-report)","decl":{"start":{"line":1,"column":0},"end":{"line":1,"column":225}},"loc":{"start":{"line":1,"column":0},"end":{"line":1,"column":225}},"line":1}},"f":{"0":0}}
,"/Users/dhorton/beachdog-enterprises/beachdog-networks/git/jambones.org/git/client-sdks/agent-toolkit/typescript/docs/assets/icons.js": {"path":"/Users/dhorton/beachdog-enterprises/beachdog-networks/git/jambones.org/git/client-sdks/agent-toolkit/typescript/docs/assets/icons.js","all":true,"statementMap":{"0":{"start":{"line":1,"column":0},"end":{"line":1,"column":13}},"1":{"start":{"line":2,"column":0},"end":{"line":2,"column":15}},"2":{"start":{"line":3,"column":0},"end":{"line":3,"column":25}},"3":{"start":{"line":4,"column":0},"end":{"line":4,"column":110}},"4":{"start":{"line":5,"column":0},"end":{"line":5,"column":109}},"5":{"start":{"line":6,"column":0},"end":{"line":6,"column":11900}},"6":{"start":{"line":7,"column":0},"end":{"line":7,"column":35}},"7":{"start":{"line":8,"column":0},"end":{"line":8,"column":63}},"8":{"start":{"line":9,"column":0},"end":{"line":9,"column":5}},"9":{"start":{"line":10,"column":0},"end":{"line":10,"column":0}},"10":{"start":{"line":11,"column":0},"end":{"line":11,"column":34}},"11":{"start":{"line":12,"column":0},"end":{"line":12,"column":56}},"12":{"start":{"line":13,"column":0},"end":{"line":13,"column":61}},"13":{"start":{"line":14,"column":0},"end":{"line":14,"column":85}},"14":{"start":{"line":15,"column":0},"end":{"line":15,"column":13}},"15":{"start":{"line":16,"column":0},"end":{"line":16,"column":11}},"16":{"start":{"line":17,"column":0},"end":{"line":17,"column":5}},"17":{"start":{"line":18,"column":0},"end":{"line":18,"column":4}}},"s":{"0":0,"1":0,"2":0,"3":0,"4":0,"5":0,"6":0,"7":0,"8":0,"9":0,"10":0,"11":0,"12":0,"13":0,"14":0,"15":0,"16":0,"17":0},"branchMap":{"0":{"type":"branch","line":1,"loc":{"start":{"line":1,"column":0},"end":{"line":18,"column":4}},"locations":[{"start":{"line":1,"column":0},"end":{"line":18,"column":4}}]}},"b":{"0":[0]},"fnMap":{"0":{"name":"(empty-report)","decl":{"start":{"line":1,"column":0},"end":{"line":18,"column":4}},"loc":{"start":{"line":1,"column":0},"end":{"line":18,"column":4}},"line":1}},"f":{"0":0}}
,"/Users/dhorton/beachdog-enterprises/beachdog-networks/git/jambones.org/git/client-sdks/agent-toolkit/typescript/docs/assets/main.js": {"path":"/Users/dhorton/beachdog-enterprises/beachdog-networks/git/jambones.org/git/client-sdks/agent-toolkit/typescript/docs/assets/main.js","all":true,"statementMap":{"0":{"start":{"line":1,"column":0},"end":{"line":1,"column":13}},"1":{"start":{"line":2,"column":0},"end":{"line":2,"column":949}},"2":{"start":{"line":3,"column":0},"end":{"line":3,"column":3990}},"3":{"start":{"line":4,"column":0},"end":{"line":4,"column":31770}},"4":{"start":{"line":5,"column":0},"end":{"line":5,"column":3319}},"5":{"start":{"line":6,"column":0},"end":{"line":6,"column":10179}},"6":{"start":{"line":7,"column":0},"end":{"line":7,"column":32}},"7":{"start":{"line":8,"column":0},"end":{"line":8,"column":0}},"8":{"start":{"line":9,"column":0},"end":{"line":9,"column":13}},"9":{"start":{"line":10,"column":0},"end":{"line":10,"column":5}},"10":{"start":{"line":11,"column":0},"end":{"line":11,"column":91}},"11":{"start":{"line":12,"column":0},"end":{"line":12,"column":42}},"12":{"start":{"line":13,"column":0},"end":{"line":13,"column":17}},"13":{"start":{"line":14,"column":0},"end":{"line":14,"column":5}},"14":{"start":{"line":15,"column":0},"end":{"line":15,"column":5}},"15":{"start":{"line":16,"column":0},"end":{"line":16,"column":15}},"16":{"start":{"line":17,"column":0},"end":{"line":17,"column":42}},"17":{"start":{"line":18,"column":0},"end":{"line":18,"column":5}},"18":{"start":{"line":19,"column":0},"end":{"line":19,"column":5}},"19":{"start":{"line":20,"column":0},"end":{"line":20,"column":13}},"20":{"start":{"line":21,"column":0},"end":{"line":21,"column":42}},"21":{"start":{"line":22,"column":0},"end":{"line":22,"column":5}},"22":{"start":{"line":23,"column":0},"end":{"line":23,"column":5}},"23":{"start":{"line":24,"column":0},"end":{"line":24,"column":19}},"24":{"start":{"line":25,"column":0},"end":{"line":25,"column":42}},"25":{"start":{"line":26,"column":0},"end":{"line":26,"column":5}},"26":{"start":{"line":27,"column":0},"end":{"line":27,"column":5}},"27":{"start":{"line":28,"column":0},"end":{"line":28,"column":18}},"28":{"start":{"line":29,"column":0},"end":{"line":29,"column":42}},"29":{"start":{"line":30,"column":0},"end":{"line":30,"column":5}},"30":{"start":{"line":31,"column":0},"end":{"line":31,"column":5}},"31":{"start":{"line":32,"column":0},"end":{"line":32,"column":16}},"32":{"start":{"line":33,"column":0},"end":{"line":33,"column":42}},"33":{"start":{"line":34,"column":0},"end":{"line":34,"column":5}},"34":{"start":{"line":35,"column":0},"end":{"line":35,"column":5}},"35":{"start":{"line":36,"column":0},"end":{"line":36,"column":17}},"36":{"start":{"line":37,"column":0},"end":{"line":37,"column":42}},"37":{"start":{"line":38,"column":0},"end":{"line":38,"column":74}},"38":{"start":{"line":39,"column":0},"end":{"line":39,"column":5}},"39":{"start":{"line":40,"column":0},"end":{"line":40,"column":5}},"40":{"start":{"line":41,"column":0},"end":{"line":41,"column":24}},"41":{"start":{"line":42,"column":0},"end":{"line":42,"column":42}},"42":{"start":{"line":43,"column":0},"end":{"line":43,"column":5}},"43":{"start":{"line":44,"column":0},"end":{"line":44,"column":5}},"44":{"start":{"line":45,"column":0},"end":{"line":45,"column":17}},"45":{"start":{"line":46,"column":0},"end":{"line":46,"column":42}},"46":{"start":{"line":47,"column":0},"end":{"line":47,"column":5}},"47":{"start":{"line":48,"column":0},"end":{"line":48,"column":5}},"48":{"start":{"line":49,"column":0},"end":{"line":49,"column":18}},"49":{"start":{"line":50,"column":0},"end":{"line":50,"column":42}},"50":{"start":{"line":51,"column":0},"end":{"line":51,"column":5}},"51":{"start":{"line":52,"column":0},"end":{"line":52,"column":5}},"52":{"start":{"line":53,"column":0},"end":{"line":53,"column":15}},"53":{"start":{"line":54,"column":0},"end":{"line":54,"column":42}},"54":{"start":{"line":55,"column":0},"end":{"line":55,"column":5}},"55":{"start":{"line":56,"column":0},"end":{"line":56,"column":5}},"56":{"start":{"line":57,"column":0},"end":{"line":57,"column":17}},"57":{"start":{"line":58,"column":0},"end":{"line":58,"column":42}},"58":{"start":{"line":59,"column":0},"end":{"line":59,"column":5}},"59":{"start":{"line":60,"column":0},"end":{"line":60,"column":2}}},"s":{"0":0,"1":0,"2":0,"3":0,"4":0,"5":0,"6":0,"7":0,"8":0,"9":0,"10":0,"11":0,"12":0,"13":0,"14":0,"15":0,"16":0,"17":0,"18":0,"19":0,"20":0,"21":0,"22":0,"23":0,"24":0,"25":0,"26":0,"27":0,"28":0,"29":0,"30":0,"31":0,"32":0,"33":0,"34":0,"35":0,"36":0,"37":0,"38":0,"39":0,"40":0,"41":0,"42":0,"43":0,"44":0,"45":0,"46":0,"47":0,"48":0,"49":0,"50":0,"51":0,"52":0,"53":0,"54":0,"55":0,"56":0,"57":0,"58":0,"59":0},"branchMap":{"0":{"type":"branch","line":1,"loc":{"start":{"line":1,"column":51321},"end":{"line":60,"column":2}},"locations":[{"start":{"line":1,"column":51321},"end":{"line":60,"column":2}}]}},"b":{"0":[0]},"fnMap":{"0":{"name":"(empty-report)","decl":{"start":{"line":1,"column":51321},"end":{"line":60,"column":2}},"loc":{"start":{"line":1,"column":51321},"end":{"line":60,"column":2}},"line":1}},"f":{"0":0}}
,"/Users/dhorton/beachdog-enterprises/beachdog-networks/git/jambones.org/git/client-sdks/agent-toolkit/typescript/docs/assets/navigation.js": {"path":"/Users/dhorton/beachdog-enterprises/beachdog-networks/git/jambones.org/git/client-sdks/agent-toolkit/typescript/docs/assets/navigation.js","all":true,"statementMap":{"0":{"start":{"line":1,"column":0},"end":{"line":1,"column":1706}}},"s":{"0":0},"branchMap":{"0":{"type":"branch","line":1,"loc":{"start":{"line":1,"column":0},"end":{"line":1,"column":1706}},"locations":[{"start":{"line":1,"column":0},"end":{"line":1,"column":1706}}]}},"b":{"0":[0]},"fnMap":{"0":{"name":"(empty-report)","decl":{"start":{"line":1,"column":0},"end":{"line":1,"column":1706}},"loc":{"start":{"line":1,"column":0},"end":{"line":1,"column":1706}},"line":1}},"f":{"0":0}}
,"/Users/dhorton/beachdog-enterprises/beachdog-networks/git/jambones.org/git/client-sdks/agent-toolkit/typescript/docs/assets/search.js": {"path":"/Users/dhorton/beachdog-enterprises/beachdog-networks/git/jambones.org/git/client-sdks/agent-toolkit/typescript/docs/assets/search.js","all":true,"statementMap":{"0":{"start":{"line":1,"column":0},"end":{"line":1,"column":32599}}},"s":{"0":0},"branchMap":{"0":{"type":"branch","line":1,"loc":{"start":{"line":1,"column":0},"end":{"line":1,"column":32599}},"locations":[{"start":{"line":1,"column":0},"end":{"line":1,"column":32599}}]}},"b":{"0":[0]},"fnMap":{"0":{"name":"(empty-report)","decl":{"start":{"line":1,"column":0},"end":{"line":1,"column":32599}},"loc":{"start":{"line":1,"column":0},"end":{"line":1,"column":32599}},"line":1}},"f":{"0":0}}
,"/Users/dhorton/beachdog-enterprises/beachdog-networks/git/jambones.org/git/client-sdks/agent-toolkit/typescript/src/index.ts": {"path":"/Users/dhorton/beachdog-enterprises/beachdog-networks/git/jambones.org/git/client-sdks/agent-toolkit/typescript/src/index.ts","all":true,"statementMap":{"0":{"start":{"line":1,"column":0},"end":{"line":1,"column":3}}},"s":{"0":0},"branchMap":{"0":{"type":"branch","line":1,"loc":{"start":{"line":1,"column":905},"end":{"line":23,"column":55}},"locations":[{"start":{"line":1,"column":905},"end":{"line":23,"column":55}}]}},"b":{"0":[0]},"fnMap":{"0":{"name":"(empty-report)","decl":{"start":{"line":1,"column":905},"end":{"line":23,"column":55}},"loc":{"start":{"line":1,"column":905},"end":{"line":23,"column":55}},"line":1}},"f":{"0":0}}
,"/Users/dhorton/beachdog-enterprises/beachdog-networks/git/jambones.org/git/client-sdks/agent-toolkit/typescript/src/validator.ts": {"path":"/Users/dhorton/beachdog-enterprises/beachdog-networks/git/jambones.org/git/client-sdks/agent-toolkit/typescript/src/validator.ts","all":false,"statementMap":{"0":{"start":{"line":1,"column":0},"end":{"line":1,"column":3}},"21":{"start":{"line":22,"column":0},"end":{"line":22,"column":27}},"22":{"start":{"line":23,"column":0},"end":{"line":23,"column":9}},"23":{"start":{"line":24,"column":0},"end":{"line":24,"column":15}},"24":{"start":{"line":25,"column":0},"end":{"line":25,"column":26}},"25":{"start":{"line":26,"column":0},"end":{"line":26,"column":8}},"26":{"start":{"line":27,"column":0},"end":{"line":27,"column":23}},"27":{"start":{"line":28,"column":0},"end":{"line":28,"column":16}},"28":{"start":{"line":29,"column":0},"end":{"line":29,"column":15}},"29":{"start":{"line":30,"column":0},"end":{"line":30,"column":33}},"30":{"start":{"line":31,"column":0},"end":{"line":31,"column":26}},"31":{"start":{"line":32,"column":0},"end":{"line":32,"column":28}},"32":{"start":{"line":33,"column":0},"end":{"line":33,"column":29}},"33":{"start":{"line":34,"column":0},"end":{"line":34,"column":29}},"34":{"start":{"line":35,"column":0},"end":{"line":35,"column":31}},"35":{"start":{"line":36,"column":0},"end":{"line":36,"column":33}},"36":{"start":{"line":37,"column":0},"end":{"line":37,"column":29}},"37":{"start":{"line":38,"column":0},"end":{"line":38,"column":29}},"38":{"start":{"line":39,"column":0},"end":{"line":39,"column":31}},"39":{"start":{"line":40,"column":0},"end":{"line":40,"column":26}},"40":{"start":{"line":41,"column":0},"end":{"line":41,"column":29}},"41":{"start":{"line":42,"column":0},"end":{"line":42,"column":29}},"42":{"start":{"line":43,"column":0},"end":{"line":43,"column":29}},"43":{"start":{"line":44,"column":0},"end":{"line":44,"column":29}},"44":{"start":{"line":45,"column":0},"end":{"line":45,"column":35}},"45":{"start":{"line":46,"column":0},"end":{"line":46,"column":29}},"46":{"start":{"line":47,"column":0},"end":{"line":47,"column":16}},"47":{"start":{"line":48,"column":0},"end":{"line":48,"column":11}},"48":{"start":{"line":49,"column":0},"end":{"line":49,"column":8}},"49":{"start":{"line":50,"column":0},"end":{"line":50,"column":11}},"51":{"start":{"line":52,"column":0},"end":{"line":52,"column":22}},"52":{"start":{"line":53,"column":0},"end":{"line":53,"column":11}},"53":{"start":{"line":54,"column":0},"end":{"line":54,"column":10}},"54":{"start":{"line":55,"column":0},"end":{"line":55,"column":11}},"55":{"start":{"line":56,"column":0},"end":{"line":56,"column":8}},"56":{"start":{"line":57,"column":0},"end":{"line":57,"column":9}},"57":{"start":{"line":58,"column":0},"end":{"line":58,"column":11}},"58":{"start":{"line":59,"column":0},"end":{"line":59,"column":9}},"59":{"start":{"line":60,"column":0},"end":{"line":60,"column":11}},"60":{"start":{"line":61,"column":0},"end":{"line":61,"column":11}},"61":{"start":{"line":62,"column":0},"end":{"line":62,"column":8}},"62":{"start":{"line":63,"column":0},"end":{"line":63,"column":13}},"63":{"start":{"line":64,"column":0},"end":{"line":64,"column":15}},"64":{"start":{"line":65,"column":0},"end":{"line":65,"column":15}},"65":{"start":{"line":66,"column":0},"end":{"line":66,"column":12}},"66":{"start":{"line":67,"column":0},"end":{"line":67,"column":12}},"67":{"start":{"line":68,"column":0},"end":{"line":68,"column":9}},"68":{"start":{"line":69,"column":0},"end":{"line":69,"column":8}},"69":{"start":{"line":70,"column":0},"end":{"line":70,"column":11}},"70":{"start":{"line":71,"column":0},"end":{"line":71,"column":10}},"71":{"start":{"line":72,"column":0},"end":{"line":72,"column":12}},"72":{"start":{"line":73,"column":0},"end":{"line":73,"column":10}},"73":{"start":{"line":74,"column":0},"end":{"line":74,"column":13}},"74":{"start":{"line":75,"column":0},"end":{"line":75,"column":8}},"75":{"start":{"line":76,"column":0},"end":{"line":76,"column":16}},"76":{"start":{"line":77,"column":0},"end":{"line":77,"column":16}},"77":{"start":{"line":78,"column":0},"end":{"line":78,"column":14}},"78":{"start":{"line":79,"column":0},"end":{"line":79,"column":11}},"80":{"start":{"line":81,"column":0},"end":{"line":81,"column":87}},"81":{"start":{"line":82,"column":0},"end":{"line":82,"column":52}},"82":{"start":{"line":83,"column":0},"end":{"line":83,"column":80}},"83":{"start":{"line":84,"column":0},"end":{"line":84,"column":1}},"85":{"start":{"line":86,"column":0},"end":{"line":86,"column":34}},"89":{"start":{"line":90,"column":0},"end":{"line":90,"column":53}},"90":{"start":{"line":91,"column":0},"end":{"line":91,"column":15}},"91":{"start":{"line":92,"column":0},"end":{"line":92,"column":46}},"94":{"start":{"line":95,"column":0},"end":{"line":95,"column":22}},"95":{"start":{"line":96,"column":0},"end":{"line":96,"column":69}},"96":{"start":{"line":97,"column":0},"end":{"line":97,"column":97}},"97":{"start":{"line":98,"column":0},"end":{"line":98,"column":4}},"99":{"start":{"line":100,"column":0},"end":{"line":100,"column":39}},"100":{"start":{"line":101,"column":0},"end":{"line":101,"column":9}},"101":{"start":{"line":102,"column":0},"end":{"line":102,"column":75}},"102":{"start":{"line":103,"column":0},"end":{"line":103,"column":23}},"103":{"start":{"line":104,"column":0},"end":{"line":104,"column":13}},"105":{"start":{"line":106,"column":0},"end":{"line":106,"column":5}},"106":{"start":{"line":107,"column":0},"end":{"line":107,"column":3}},"108":{"start":{"line":109,"column":0},"end":{"line":109,"column":18}},"109":{"start":{"line":110,"column":0},"end":{"line":110,"column":123}},"110":{"start":{"line":111,"column":0},"end":{"line":111,"column":4}},"111":{"start":{"line":112,"column":0},"end":{"line":112,"column":1}},"113":{"start":{"line":114,"column":0},"end":{"line":114,"column":31}},"114":{"start":{"line":115,"column":0},"end":{"line":115,"column":40}},"115":{"start":{"line":116,"column":0},"end":{"line":116,"column":19}},"117":{"start":{"line":118,"column":0},"end":{"line":118,"column":35}},"118":{"start":{"line":119,"column":0},"end":{"line":119,"column":45}},"119":{"start":{"line":120,"column":0},"end":{"line":120,"column":24}},"120":{"start":{"line":121,"column":0},"end":{"line":121,"column":22}},"121":{"start":{"line":122,"column":0},"end":{"line":122,"column":20}},"122":{"start":{"line":123,"column":0},"end":{"line":123,"column":28}},"123":{"start":{"line":124,"column":0},"end":{"line":124,"column":20}},"124":{"start":{"line":125,"column":0},"end":{"line":125,"column":7}},"127":{"start":{"line":128,"column":0},"end":{"line":128,"column":43}},"128":{"start":{"line":129,"column":0},"end":{"line":129,"column":71}},"129":{"start":{"line":130,"column":0},"end":{"line":130,"column":33}},"130":{"start":{"line":131,"column":0},"end":{"line":131,"column":5}},"133":{"start":{"line":134,"column":0},"end":{"line":134,"column":38}},"134":{"start":{"line":135,"column":0},"end":{"line":135,"column":66}},"135":{"start":{"line":136,"column":0},"end":{"line":136,"column":33}},"136":{"start":{"line":137,"column":0},"end":{"line":137,"column":5}},"139":{"start":{"line":140,"column":0},"end":{"line":140,"column":65}},"140":{"start":{"line":141,"column":0},"end":{"line":141,"column":51}},"141":{"start":{"line":142,"column":0},"end":{"line":142,"column":3}},"144":{"start":{"line":145,"column":0},"end":{"line":145,"column":44}},"145":{"start":{"line":146,"column":0},"end":{"line":146,"column":40}},"146":{"start":{"line":147,"column":0},"end":{"line":147,"column":16}},"147":{"start":{"line":148,"column":0},"end":{"line":148,"column":41}},"148":{"start":{"line":149,"column":0},"end":{"line":149,"column":5}},"149":{"start":{"line":150,"column":0},"end":{"line":150,"column":12}},"150":{"start":{"line":151,"column":0},"end":{"line":151,"column":19}},"151":{"start":{"line":152,"column":0},"end":{"line":152,"column":52}},"152":{"start":{"line":153,"column":0},"end":{"line":153,"column":6}},"153":{"start":{"line":154,"column":0},"end":{"line":154,"column":3}},"156":{"start":{"line":157,"column":0},"end":{"line":157,"column":49}},"158":{"start":{"line":159,"column":0},"end":{"line":159,"column":33}},"159":{"start":{"line":160,"column":0},"end":{"line":160,"column":3}},"160":{"start":{"line":161,"column":0},"end":{"line":161,"column":1}},"162":{"start":{"line":163,"column":0},"end":{"line":163,"column":84}},"163":{"start":{"line":164,"column":0},"end":{"line":164,"column":25}},"164":{"start":{"line":165,"column":0},"end":{"line":165,"column":31}},"165":{"start":{"line":166,"column":0},"end":{"line":166,"column":34}},"166":{"start":{"line":167,"column":0},"end":{"line":167,"column":55}},"167":{"start":{"line":168,"column":0},"end":{"line":168,"column":6}},"168":{"start":{"line":169,"column":0},"end":{"line":169,"column":1}},"170":{"start":{"line":171,"column":0},"end":{"line":171,"column":54}},"173":{"start":{"line":174,"column":0},"end":{"line":174,"column":68}},"174":{"start":{"line":175,"column":0},"end":{"line":175,"column":27}},"175":{"start":{"line":176,"column":0},"end":{"line":176,"column":56}},"176":{"start":{"line":177,"column":0},"end":{"line":177,"column":3}},"177":{"start":{"line":178,"column":0},"end":{"line":178,"column":27}},"178":{"start":{"line":179,"column":0},"end":{"line":179,"column":1}}},"s":{"0":1,"21":1,"22":1,"23":1,"24":1,"25":1,"26":1,"27":1,"28":1,"29":1,"30":1,"31":1,"32":1,"33":1,"34":1,"35":1,"36":1,"37":1,"38":1,"39":1,"40":1,"41":1,"42":1,"43":1,"44":1,"45":1,"46":1,"47":1,"48":1,"49":1,"51":1,"52":1,"53":1,"54":1,"55":1,"56":1,"57":1,"58":1,"59":1,"60":1,"61":1,"62":1,"63":1,"64":1,"65":1,"66":1,"67":1,"68":1,"69":1,"70":1,"71":1,"72":1,"73":1,"74":1,"75":1,"76":1,"77":1,"78":1,"80":216,"81":216,"82":216,"83":216,"85":0,"89":0,"90":0,"91":0,"94":0,"95":0,"96":0,"97":0,"99":0,"100":0,"101":0,"102":0,"103":0,"105":0,"106":0,"108":0,"109":0,"110":0,"111":0,"113":1,"114":4,"115":4,"117":4,"118":4,"119":4,"120":4,"121":4,"122":4,"123":4,"124":4,"127":4,"128":108,"129":108,"130":108,"133":4,"134":104,"135":104,"136":104,"139":4,"140":4,"141":4,"144":4,"145":17,"146":17,"147":11,"148":11,"149":6,"150":6,"151":6,"152":6,"153":17,"156":4,"158":3,"159":3,"160":4,"162":6,"163":6,"164":6,"165":203,"166":203,"167":6,"168":6,"170":1,"173":1,"174":0,"175":0,"176":0,"177":0,"178":0},"branchMap":{"0":{"type":"branch","line":81,"loc":{"start":{"line":81,"column":0},"end":{"line":84,"column":1}},"locations":[{"start":{"line":81,"column":0},"end":{"line":84,"column":1}}]},"1":{"type":"branch","line":114,"loc":{"start":{"line":114,"column":30},"end":{"line":161,"column":1}},"locations":[{"start":{"line":114,"column":30},"end":{"line":161,"column":1}}]},"2":{"type":"branch","line":118,"loc":{"start":{"line":118,"column":2},"end":{"line":142,"column":3}},"locations":[{"start":{"line":118,"column":2},"end":{"line":142,"column":3}}]},"3":{"type":"branch","line":119,"loc":{"start":{"line":119,"column":16},"end":{"line":119,"column":45}},"locations":[{"start":{"line":119,"column":16},"end":{"line":119,"column":45}}]},"4":{"type":"branch","line":128,"loc":{"start":{"line":128,"column":42},"end":{"line":131,"column":5}},"locations":[{"start":{"line":128,"column":42},"end":{"line":131,"column":5}}]},"5":{"type":"branch","line":134,"loc":{"start":{"line":134,"column":37},"end":{"line":137,"column":5}},"locations":[{"start":{"line":134,"column":37},"end":{"line":137,"column":5}}]},"6":{"type":"branch","line":145,"loc":{"start":{"line":145,"column":2},"end":{"line":154,"column":3}},"locations":[{"start":{"line":145,"column":2},"end":{"line":154,"column":3}}]},"7":{"type":"branch","line":147,"loc":{"start":{"line":147,"column":15},"end":{"line":149,"column":5}},"locations":[{"start":{"line":147,"column":15},"end":{"line":149,"column":5}}]},"8":{"type":"branch","line":149,"loc":{"start":{"line":149,"column":4},"end":{"line":153,"column":6}},"locations":[{"start":{"line":149,"column":4},"end":{"line":153,"column":6}}]},"9":{"type":"branch","line":157,"loc":{"start":{"line":157,"column":2},"end":{"line":160,"column":3}},"locations":[{"start":{"line":157,"column":2},"end":{"line":160,"column":3}}]},"10":{"type":"branch","line":163,"loc":{"start":{"line":163,"column":0},"end":{"line":169,"column":1}},"locations":[{"start":{"line":163,"column":0},"end":{"line":169,"column":1}}]},"11":{"type":"branch","line":164,"loc":{"start":{"line":164,"column":15},"end":{"line":164,"column":25}},"locations":[{"start":{"line":164,"column":15},"end":{"line":164,"column":25}}]},"12":{"type":"branch","line":165,"loc":{"start":{"line":165,"column":20},"end":{"line":168,"column":4}},"locations":[{"start":{"line":165,"column":20},"end":{"line":168,"column":4}}]},"13":{"type":"branch","line":166,"loc":{"start":{"line":166,"column":14},"end":{"line":166,"column":34}},"locations":[{"start":{"line":166,"column":14},"end":{"line":166,"column":34}}]},"14":{"type":"branch","line":167,"loc":{"start":{"line":167,"column":17},"end":{"line":167,"column":55}},"locations":[{"start":{"line":167,"column":17},"end":{"line":167,"column":55}}]}},"b":{"0":[216],"1":[4],"2":[4],"3":[0],"4":[108],"5":[104],"6":[17],"7":[11],"8":[6],"9":[3],"10":[6],"11":[0],"12":[203],"13":[2],"14":[0]},"fnMap":{"0":{"name":"loadSchema","decl":{"start":{"line":81,"column":0},"end":{"line":84,"column":1}},"loc":{"start":{"line":81,"column":0},"end":{"line":84,"column":1}},"line":81},"1":{"name":"findSchemaDir","decl":{"start":{"line":86,"column":0},"end":{"line":112,"column":1}},"loc":{"start":{"line":86,"column":0},"end":{"line":112,"column":1}},"line":86},"2":{"name":"<instance_members_initializer>","decl":{"start":{"line":114,"column":30},"end":{"line":161,"column":1}},"loc":{"start":{"line":114,"column":30},"end":{"line":161,"column":1}},"line":114},"3":{"name":"JambonzValidator","decl":{"start":{"line":118,"column":2},"end":{"line":142,"column":3}},"loc":{"start":{"line":118,"column":2},"end":{"line":142,"column":3}},"line":118},"4":{"name":"validate","decl":{"start":{"line":145,"column":2},"end":{"line":154,"column":3}},"loc":{"start":{"line":145,"column":2},"end":{"line":154,"column":3}},"line":145},"5":{"name":"validateVerb","decl":{"start":{"line":157,"column":2},"end":{"line":160,"column":3}},"loc":{"start":{"line":157,"column":2},"end":{"line":160,"column":3}},"line":157},"6":{"name":"formatErrors","decl":{"start":{"line":163,"column":0},"end":{"line":169,"column":1}},"loc":{"start":{"line":163,"column":0},"end":{"line":169,"column":1}},"line":163},"7":{"name":"getValidator","decl":{"start":{"line":174,"column":7},"end":{"line":179,"column":1}},"loc":{"start":{"line":174,"column":7},"end":{"line":179,"column":1}},"line":174}},"f":{"0":216,"1":0,"2":4,"3":4,"4":17,"5":3,"6":6,"7":0}}
,"/Users/dhorton/beachdog-enterprises/beachdog-networks/git/jambones.org/git/client-sdks/agent-toolkit/typescript/src/verb-builder.ts": {"path":"/Users/dhorton/beachdog-enterprises/beachdog-networks/git/jambones.org/git/client-sdks/agent-toolkit/typescript/src/verb-builder.ts","all":false,"statementMap":{"0":{"start":{"line":1,"column":0},"end":{"line":1,"column":3}},"47":{"start":{"line":48,"column":0},"end":{"line":48,"column":26}},"48":{"start":{"line":49,"column":0},"end":{"line":49,"column":31}},"49":{"start":{"line":50,"column":0},"end":{"line":50,"column":47}},"54":{"start":{"line":55,"column":0},"end":{"line":55,"column":42}},"55":{"start":{"line":56,"column":0},"end":{"line":56,"column":35}},"56":{"start":{"line":57,"column":0},"end":{"line":57,"column":28}},"57":{"start":{"line":58,"column":0},"end":{"line":58,"column":12}},"58":{"start":{"line":59,"column":0},"end":{"line":59,"column":61}},"59":{"start":{"line":60,"column":0},"end":{"line":60,"column":5}},"60":{"start":{"line":61,"column":0},"end":{"line":61,"column":3}},"65":{"start":{"line":66,"column":0},"end":{"line":66,"column":42}},"66":{"start":{"line":67,"column":0},"end":{"line":67,"column":50}},"67":{"start":{"line":68,"column":0},"end":{"line":68,"column":3}},"70":{"start":{"line":71,"column":0},"end":{"line":71,"column":44}},"71":{"start":{"line":72,"column":0},"end":{"line":72,"column":51}},"72":{"start":{"line":73,"column":0},"end":{"line":73,"column":3}},"75":{"start":{"line":76,"column":0},"end":{"line":76,"column":48}},"76":{"start":{"line":77,"column":0},"end":{"line":77,"column":53}},"77":{"start":{"line":78,"column":0},"end":{"line":78,"column":3}},"82":{"start":{"line":83,"column":0},"end":{"line":83,"column":42}},"83":{"start":{"line":84,"column":0},"end":{"line":84,"column":50}},"84":{"start":{"line":85,"column":0},"end":{"line":85,"column":3}},"87":{"start":{"line":88,"column":0},"end":{"line":88,"column":52}},"88":{"start":{"line":89,"column":0},"end":{"line":89,"column":55}},"89":{"start":{"line":90,"column":0},"end":{"line":90,"column":3}},"92":{"start":{"line":93,"column":0},"end":{"line":93,"column":48}},"93":{"start":{"line":94,"column":0},"end":{"line":94,"column":53}},"94":{"start":{"line":95,"column":0},"end":{"line":95,"column":3}},"97":{"start":{"line":98,"column":0},"end":{"line":98,"column":48}},"98":{"start":{"line":99,"column":0},"end":{"line":99,"column":53}},"99":{"start":{"line":100,"column":0},"end":{"line":100,"column":3}},"102":{"start":{"line":103,"column":0},"end":{"line":103,"column":56}},"103":{"start":{"line":104,"column":0},"end":{"line":104,"column":57}},"104":{"start":{"line":105,"column":0},"end":{"line":105,"column":3}},"109":{"start":{"line":110,"column":0},"end":{"line":110,"column":44}},"110":{"start":{"line":111,"column":0},"end":{"line":111,"column":51}},"111":{"start":{"line":112,"column":0},"end":{"line":112,"column":3}},"114":{"start":{"line":115,"column":0},"end":{"line":115,"column":56}},"115":{"start":{"line":116,"column":0},"end":{"line":116,"column":57}},"116":{"start":{"line":117,"column":0},"end":{"line":117,"column":3}},"119":{"start":{"line":120,"column":0},"end":{"line":120,"column":50}},"120":{"start":{"line":121,"column":0},"end":{"line":121,"column":54}},"121":{"start":{"line":122,"column":0},"end":{"line":122,"column":3}},"124":{"start":{"line":125,"column":0},"end":{"line":125,"column":50}},"125":{"start":{"line":126,"column":0},"end":{"line":126,"column":54}},"126":{"start":{"line":127,"column":0},"end":{"line":127,"column":3}},"129":{"start":{"line":130,"column":0},"end":{"line":130,"column":49}},"130":{"start":{"line":131,"column":0},"end":{"line":131,"column":53}},"131":{"start":{"line":132,"column":0},"end":{"line":132,"column":3}},"134":{"start":{"line":135,"column":0},"end":{"line":135,"column":52}},"135":{"start":{"line":136,"column":0},"end":{"line":136,"column":55}},"136":{"start":{"line":137,"column":0},"end":{"line":137,"column":3}},"139":{"start":{"line":140,"column":0},"end":{"line":140,"column":46}},"140":{"start":{"line":141,"column":0},"end":{"line":141,"column":52}},"141":{"start":{"line":142,"column":0},"end":{"line":142,"column":3}},"144":{"start":{"line":145,"column":0},"end":{"line":145,"column":47}},"145":{"start":{"line":146,"column":0},"end":{"line":146,"column":52}},"146":{"start":{"line":147,"column":0},"end":{"line":147,"column":3}},"151":{"start":{"line":152,"column":0},"end":{"line":152,"column":56}},"152":{"start":{"line":153,"column":0},"end":{"line":153,"column":58}},"153":{"start":{"line":154,"column":0},"end":{"line":154,"column":3}},"156":{"start":{"line":157,"column":0},"end":{"line":157,"column":56}},"157":{"start":{"line":158,"column":0},"end":{"line":158,"column":58}},"158":{"start":{"line":159,"column":0},"end":{"line":159,"column":3}},"161":{"start":{"line":162,"column":0},"end":{"line":162,"column":52}},"162":{"start":{"line":163,"column":0},"end":{"line":163,"column":56}},"163":{"start":{"line":164,"column":0},"end":{"line":164,"column":3}},"168":{"start":{"line":169,"column":0},"end":{"line":169,"column":48}},"169":{"start":{"line":170,"column":0},"end":{"line":170,"column":53}},"170":{"start":{"line":171,"column":0},"end":{"line":171,"column":3}},"173":{"start":{"line":174,"column":0},"end":{"line":174,"column":49}},"174":{"start":{"line":175,"column":0},"end":{"line":175,"column":53}},"175":{"start":{"line":176,"column":0},"end":{"line":176,"column":3}},"178":{"start":{"line":179,"column":0},"end":{"line":179,"column":46}},"179":{"start":{"line":180,"column":0},"end":{"line":180,"column":52}},"180":{"start":{"line":181,"column":0},"end":{"line":181,"column":3}},"183":{"start":{"line":184,"column":0},"end":{"line":184,"column":42}},"184":{"start":{"line":185,"column":0},"end":{"line":185,"column":50}},"185":{"start":{"line":186,"column":0},"end":{"line":186,"column":3}},"188":{"start":{"line":189,"column":0},"end":{"line":189,"column":44}},"189":{"start":{"line":190,"column":0},"end":{"line":190,"column":51}},"190":{"start":{"line":191,"column":0},"end":{"line":191,"column":3}},"193":{"start":{"line":194,"column":0},"end":{"line":194,"column":42}},"194":{"start":{"line":195,"column":0},"end":{"line":195,"column":50}},"195":{"start":{"line":196,"column":0},"end":{"line":196,"column":3}},"198":{"start":{"line":199,"column":0},"end":{"line":199,"column":50}},"199":{"start":{"line":200,"column":0},"end":{"line":200,"column":54}},"200":{"start":{"line":201,"column":0},"end":{"line":201,"column":3}},"208":{"start":{"line":209,"column":0},"end":{"line":209,"column":33}},"209":{"start":{"line":210,"column":0},"end":{"line":210,"column":25}},"210":{"start":{"line":211,"column":0},"end":{"line":211,"column":52}},"211":{"start":{"line":212,"column":0},"end":{"line":212,"column":26}},"212":{"start":{"line":213,"column":0},"end":{"line":213,"column":88}},"213":{"start":{"line":214,"column":0},"end":{"line":214,"column":63}},"214":{"start":{"line":215,"column":0},"end":{"line":215,"column":7}},"215":{"start":{"line":216,"column":0},"end":{"line":216,"column":5}},"216":{"start":{"line":217,"column":0},"end":{"line":217,"column":30}},"217":{"start":{"line":218,"column":0},"end":{"line":218,"column":16}},"218":{"start":{"line":219,"column":0},"end":{"line":219,"column":3}},"222":{"start":{"line":223,"column":0},"end":{"line":223,"column":39}},"223":{"start":{"line":224,"column":0},"end":{"line":224,"column":25}},"224":{"start":{"line":225,"column":0},"end":{"line":225,"column":55}},"225":{"start":{"line":226,"column":0},"end":{"line":226,"column":26}},"226":{"start":{"line":227,"column":0},"end":{"line":227,"column":88}},"227":{"start":{"line":228,"column":0},"end":{"line":228,"column":78}},"228":{"start":{"line":229,"column":0},"end":{"line":229,"column":7}},"229":{"start":{"line":230,"column":0},"end":{"line":230,"column":5}},"230":{"start":{"line":231,"column":0},"end":{"line":231,"column":26}},"231":{"start":{"line":232,"column":0},"end":{"line":232,"column":16}},"232":{"start":{"line":233,"column":0},"end":{"line":233,"column":3}},"235":{"start":{"line":236,"column":0},"end":{"line":236,"column":24}},"236":{"start":{"line":237,"column":0},"end":{"line":237,"column":29}},"237":{"start":{"line":238,"column":0},"end":{"line":238,"column":3}},"240":{"start":{"line":241,"column":0},"end":{"line":241,"column":17}},"241":{"start":{"line":242,"column":0},"end":{"line":242,"column":20}},"242":{"start":{"line":243,"column":0},"end":{"line":243,"column":16}},"243":{"start":{"line":244,"column":0},"end":{"line":244,"column":3}},"246":{"start":{"line":247,"column":0},"end":{"line":247,"column":20}},"247":{"start":{"line":248,"column":0},"end":{"line":248,"column":27}},"248":{"start":{"line":249,"column":0},"end":{"line":249,"column":3}},"249":{"start":{"line":250,"column":0},"end":{"line":250,"column":1}}},"s":{"0":1,"47":1,"48":13,"49":13,"54":13,"55":13,"56":10,"57":13,"58":3,"59":3,"60":13,"65":13,"66":3,"67":3,"70":13,"71":1,"72":1,"75":13,"76":1,"77":1,"82":13,"83":1,"84":1,"87":13,"88":0,"89":0,"92":13,"93":1,"94":1,"97":13,"98":1,"99":1,"102":13,"103":1,"104":1,"109":13,"110":1,"111":1,"114":13,"115":0,"116":0,"119":13,"120":1,"121":1,"124":13,"125":0,"126":0,"129":13,"130":3,"131":3,"134":13,"135":1,"136":1,"139":13,"140":2,"141":2,"144":13,"145":1,"146":1,"151":13,"152":2,"153":2,"156":13,"157":1,"158":1,"161":13,"162":1,"163":1,"168":13,"169":2,"170":2,"173":13,"174":1,"175":1,"178":13,"179":0,"180":0,"183":13,"184":1,"185":1,"188":13,"189":1,"190":1,"193":13,"194":1,"195":1,"198":13,"199":0,"200":0,"208":13,"209":4,"210":2,"211":2,"212":1,"213":1,"214":1,"215":2,"216":3,"217":3,"218":4,"222":13,"223":28,"224":1,"225":1,"226":1,"227":1,"228":1,"229":1,"230":27,"231":27,"232":28,"235":13,"236":2,"237":2,"240":13,"241":1,"242":1,"243":1,"246":13,"247":0,"248":0,"249":13},"branchMap":{"0":{"type":"branch","line":48,"loc":{"start":{"line":48,"column":25},"end":{"line":250,"column":1}},"locations":[{"start":{"line":48,"column":25},"end":{"line":250,"column":1}}]},"1":{"type":"branch","line":55,"loc":{"start":{"line":55,"column":2},"end":{"line":61,"column":3}},"locations":[{"start":{"line":55,"column":2},"end":{"line":61,"column":3}}]},"2":{"type":"branch","line":56,"loc":{"start":{"line":56,"column":34},"end":{"line":58,"column":11}},"locations":[{"start":{"line":56,"column":34},"end":{"line":58,"column":11}}]},"3":{"type":"branch","line":58,"loc":{"start":{"line":58,"column":4},"end":{"line":60,"column":5}},"locations":[{"start":{"line":58,"column":4},"end":{"line":60,"column":5}}]},"4":{"type":"branch","line":66,"loc":{"start":{"line":66,"column":2},"end":{"line":68,"column":3}},"locations":[{"start":{"line":66,"column":2},"end":{"line":68,"column":3}}]},"5":{"type":"branch","line":71,"loc":{"start":{"line":71,"column":2},"end":{"line":73,"column":3}},"locations":[{"start":{"line":71,"column":2},"end":{"line":73,"column":3}}]},"6":{"type":"branch","line":76,"loc":{"start":{"line":76,"column":2},"end":{"line":78,"column":3}},"locations":[{"start":{"line":76,"column":2},"end":{"line":78,"column":3}}]},"7":{"type":"branch","line":83,"loc":{"start":{"line":83,"column":2},"end":{"line":85,"column":3}},"locations":[{"start":{"line":83,"column":2},"end":{"line":85,"column":3}}]},"8":{"type":"branch","line":93,"loc":{"start":{"line":93,"column":2},"end":{"line":95,"column":3}},"locations":[{"start":{"line":93,"column":2},"end":{"line":95,"column":3}}]},"9":{"type":"branch","line":98,"loc":{"start":{"line":98,"column":2},"end":{"line":100,"column":3}},"locations":[{"start":{"line":98,"column":2},"end":{"line":100,"column":3}}]},"10":{"type":"branch","line":103,"loc":{"start":{"line":103,"column":2},"end":{"line":105,"column":3}},"locations":[{"start":{"line":103,"column":2},"end":{"line":105,"column":3}}]},"11":{"type":"branch","line":110,"loc":{"start":{"line":110,"column":2},"end":{"line":112,"column":3}},"locations":[{"start":{"line":110,"column":2},"end":{"line":112,"column":3}}]},"12":{"type":"branch","line":120,"loc":{"start":{"line":120,"column":2},"end":{"line":122,"column":3}},"locations":[{"start":{"line":120,"column":2},"end":{"line":122,"column":3}}]},"13":{"type":"branch","line":130,"loc":{"start":{"line":130,"column":2},"end":{"line":132,"column":3}},"locations":[{"start":{"line":130,"column":2},"end":{"line":132,"column":3}}]},"14":{"type":"branch","line":135,"loc":{"start":{"line":135,"column":2},"end":{"line":137,"column":3}},"locations":[{"start":{"line":135,"column":2},"end":{"line":137,"column":3}}]},"15":{"type":"branch","line":140,"loc":{"start":{"line":140,"column":2},"end":{"line":142,"column":3}},"locations":[{"start":{"line":140,"column":2},"end":{"line":142,"column":3}}]},"16":{"type":"branch","line":145,"loc":{"start":{"line":145,"column":2},"end":{"line":147,"column":3}},"locations":[{"start":{"line":145,"column":2},"end":{"line":147,"column":3}}]},"17":{"type":"branch","line":152,"loc":{"start":{"line":152,"column":2},"end":{"line":154,"column":3}},"locations":[{"start":{"line":152,"column":2},"end":{"line":154,"column":3}}]},"18":{"type":"branch","line":157,"loc":{"start":{"line":157,"column":2},"end":{"line":159,"column":3}},"locations":[{"start":{"line":157,"column":2},"end":{"line":159,"column":3}}]},"19":{"type":"branch","line":162,"loc":{"start":{"line":162,"column":2},"end":{"line":164,"column":3}},"locations":[{"start":{"line":162,"column":2},"end":{"line":164,"column":3}}]},"20":{"type":"branch","line":169,"loc":{"start":{"line":169,"column":2},"end":{"line":171,"column":3}},"locations":[{"start":{"line":169,"column":2},"end":{"line":171,"column":3}}]},"21":{"type":"branch","line":174,"loc":{"start":{"line":174,"column":2},"end":{"line":176,"column":3}},"locations":[{"start":{"line":174,"column":2},"end":{"line":176,"column":3}}]},"22":{"type":"branch","line":184,"loc":{"start":{"line":184,"column":2},"end":{"line":186,"column":3}},"locations":[{"start":{"line":184,"column":2},"end":{"line":186,"column":3}}]},"23":{"type":"branch","line":189,"loc":{"start":{"line":189,"column":2},"end":{"line":191,"column":3}},"locations":[{"start":{"line":189,"column":2},"end":{"line":191,"column":3}}]},"24":{"type":"branch","line":194,"loc":{"start":{"line":194,"column":2},"end":{"line":196,"column":3}},"locations":[{"start":{"line":194,"column":2},"end":{"line":196,"column":3}}]},"25":{"type":"branch","line":209,"loc":{"start":{"line":209,"column":2},"end":{"line":219,"column":3}},"locations":[{"start":{"line":209,"column":2},"end":{"line":219,"column":3}}]},"26":{"type":"branch","line":210,"loc":{"start":{"line":210,"column":24},"end":{"line":216,"column":5}},"locations":[{"start":{"line":210,"column":24},"end":{"line":216,"column":5}}]},"27":{"type":"branch","line":212,"loc":{"start":{"line":212,"column":25},"end":{"line":215,"column":7}},"locations":[{"start":{"line":212,"column":25},"end":{"line":215,"column":7}}]},"28":{"type":"branch","line":216,"loc":{"start":{"line":216,"column":4},"end":{"line":218,"column":16}},"locations":[{"start":{"line":216,"column":4},"end":{"line":218,"column":16}}]},"29":{"type":"branch","line":213,"loc":{"start":{"line":213,"column":43},"end":{"line":213,"column":75}},"locations":[{"start":{"line":213,"column":43},"end":{"line":213,"column":75}}]},"30":{"type":"branch","line":223,"loc":{"start":{"line":223,"column":12},"end":{"line":233,"column":3}},"locations":[{"start":{"line":223,"column":12},"end":{"line":233,"column":3}}]},"31":{"type":"branch","line":224,"loc":{"start":{"line":224,"column":24},"end":{"line":230,"column":5}},"locations":[{"start":{"line":224,"column":24},"end":{"line":230,"column":5}}]},"32":{"type":"branch","line":230,"loc":{"start":{"line":230,"column":4},"end":{"line":232,"column":16}},"locations":[{"start":{"line":230,"column":4},"end":{"line":232,"column":16}}]},"33":{"type":"branch","line":227,"loc":{"start":{"line":227,"column":43},"end":{"line":227,"column":75}},"locations":[{"start":{"line":227,"column":43},"end":{"line":227,"column":75}}]},"34":{"type":"branch","line":236,"loc":{"start":{"line":236,"column":2},"end":{"line":238,"column":3}},"locations":[{"start":{"line":236,"column":2},"end":{"line":238,"column":3}}]},"35":{"type":"branch","line":241,"loc":{"start":{"line":241,"column":2},"end":{"line":244,"column":3}},"locations":[{"start":{"line":241,"column":2},"end":{"line":244,"column":3}}]}},"b":{"0":[13],"1":[13],"2":[10],"3":[3],"4":[3],"5":[1],"6":[1],"7":[1],"8":[1],"9":[1],"10":[1],"11":[1],"12":[1],"13":[3],"14":[1],"15":[2],"16":[1],"17":[2],"18":[1],"19":[1],"20":[2],"21":[1],"22":[1],"23":[1],"24":[1],"25":[4],"26":[2],"27":[1],"28":[3],"29":[50],"30":[28],"31":[1],"32":[27],"33":[50],"34":[2],"35":[1]},"fnMap":{"0":{"name":"<instance_members_initializer>","decl":{"start":{"line":48,"column":25},"end":{"line":250,"column":1}},"loc":{"start":{"line":48,"column":25},"end":{"line":250,"column":1}},"line":48},"1":{"name":"VerbBuilder","decl":{"start":{"line":55,"column":2},"end":{"line":61,"column":3}},"loc":{"start":{"line":55,"column":2},"end":{"line":61,"column":3}},"line":55},"2":{"name":"say","decl":{"start":{"line":66,"column":2},"end":{"line":68,"column":3}},"loc":{"start":{"line":66,"column":2},"end":{"line":68,"column":3}},"line":66},"3":{"name":"play","decl":{"start":{"line":71,"column":2},"end":{"line":73,"column":3}},"loc":{"start":{"line":71,"column":2},"end":{"line":73,"column":3}},"line":71},"4":{"name":"gather","decl":{"start":{"line":76,"column":2},"end":{"line":78,"column":3}},"loc":{"start":{"line":76,"column":2},"end":{"line":78,"column":3}},"line":76},"5":{"name":"llm","decl":{"start":{"line":83,"column":2},"end":{"line":85,"column":3}},"loc":{"start":{"line":83,"column":2},"end":{"line":85,"column":3}},"line":83},"6":{"name":"pipeline","decl":{"start":{"line":88,"column":2},"end":{"line":90,"column":3}},"loc":{"start":{"line":88,"column":2},"end":{"line":90,"column":3}},"line":88},"7":{"name":"listen","decl":{"start":{"line":93,"column":2},"end":{"line":95,"column":3}},"loc":{"start":{"line":93,"column":2},"end":{"line":95,"column":3}},"line":93},"8":{"name":"stream","decl":{"start":{"line":98,"column":2},"end":{"line":100,"column":3}},"loc":{"start":{"line":98,"column":2},"end":{"line":100,"column":3}},"line":98},"9":{"name":"transcribe","decl":{"start":{"line":103,"column":2},"end":{"line":105,"column":3}},"loc":{"start":{"line":103,"column":2},"end":{"line":105,"column":3}},"line":103},"10":{"name":"dial","decl":{"start":{"line":110,"column":2},"end":{"line":112,"column":3}},"loc":{"start":{"line":110,"column":2},"end":{"line":112,"column":3}},"line":110},"11":{"name":"conference","decl":{"start":{"line":115,"column":2},"end":{"line":117,"column":3}},"loc":{"start":{"line":115,"column":2},"end":{"line":117,"column":3}},"line":115},"12":{"name":"enqueue","decl":{"start":{"line":120,"column":2},"end":{"line":122,"column":3}},"loc":{"start":{"line":120,"column":2},"end":{"line":122,"column":3}},"line":120},"13":{"name":"dequeue","decl":{"start":{"line":125,"column":2},"end":{"line":127,"column":3}},"loc":{"start":{"line":125,"column":2},"end":{"line":127,"column":3}},"line":125},"14":{"name":"hangup","decl":{"start":{"line":130,"column":2},"end":{"line":132,"column":3}},"loc":{"start":{"line":130,"column":2},"end":{"line":132,"column":3}},"line":130},"15":{"name":"redirect","decl":{"start":{"line":135,"column":2},"end":{"line":137,"column":3}},"loc":{"start":{"line":135,"column":2},"end":{"line":137,"column":3}},"line":135},"16":{"name":"pause","decl":{"start":{"line":140,"column":2},"end":{"line":142,"column":3}},"loc":{"start":{"line":140,"column":2},"end":{"line":142,"column":3}},"line":140},"17":{"name":"leave","decl":{"start":{"line":145,"column":2},"end":{"line":147,"column":3}},"loc":{"start":{"line":145,"column":2},"end":{"line":147,"column":3}},"line":145},"18":{"name":"sipDecline","decl":{"start":{"line":152,"column":2},"end":{"line":154,"column":3}},"loc":{"start":{"line":152,"column":2},"end":{"line":154,"column":3}},"line":152},"19":{"name":"sipRequest","decl":{"start":{"line":157,"column":2},"end":{"line":159,"column":3}},"loc":{"start":{"line":157,"column":2},"end":{"line":159,"column":3}},"line":157},"20":{"name":"sipRefer","decl":{"start":{"line":162,"column":2},"end":{"line":164,"column":3}},"loc":{"start":{"line":162,"column":2},"end":{"line":164,"column":3}},"line":162},"21":{"name":"config","decl":{"start":{"line":169,"column":2},"end":{"line":171,"column":3}},"loc":{"start":{"line":169,"column":2},"end":{"line":171,"column":3}},"line":169},"22":{"name":"answer","decl":{"start":{"line":174,"column":2},"end":{"line":176,"column":3}},"loc":{"start":{"line":174,"column":2},"end":{"line":176,"column":3}},"line":174},"23":{"name":"alert","decl":{"start":{"line":179,"column":2},"end":{"line":181,"column":3}},"loc":{"start":{"line":179,"column":2},"end":{"line":181,"column":3}},"line":179},"24":{"name":"tag","decl":{"start":{"line":184,"column":2},"end":{"line":186,"column":3}},"loc":{"start":{"line":184,"column":2},"end":{"line":186,"column":3}},"line":184},"25":{"name":"dtmf","decl":{"start":{"line":189,"column":2},"end":{"line":191,"column":3}},"loc":{"start":{"line":189,"column":2},"end":{"line":191,"column":3}},"line":189},"26":{"name":"dub","decl":{"start":{"line":194,"column":2},"end":{"line":196,"column":3}},"loc":{"start":{"line":194,"column":2},"end":{"line":196,"column":3}},"line":194},"27":{"name":"message","decl":{"start":{"line":199,"column":2},"end":{"line":201,"column":3}},"loc":{"start":{"line":199,"column":2},"end":{"line":201,"column":3}},"line":199},"28":{"name":"addVerbs","decl":{"start":{"line":209,"column":2},"end":{"line":219,"column":3}},"loc":{"start":{"line":209,"column":2},"end":{"line":219,"column":3}},"line":209},"29":{"name":"addVerb","decl":{"start":{"line":223,"column":12},"end":{"line":233,"column":3}},"loc":{"start":{"line":223,"column":12},"end":{"line":233,"column":3}},"line":223},"30":{"name":"get length","decl":{"start":{"line":236,"column":2},"end":{"line":238,"column":3}},"loc":{"start":{"line":236,"column":2},"end":{"line":238,"column":3}},"line":236},"31":{"name":"clear","decl":{"start":{"line":241,"column":2},"end":{"line":244,"column":3}},"loc":{"start":{"line":241,"column":2},"end":{"line":244,"column":3}},"line":241},"32":{"name":"toJSON","decl":{"start":{"line":247,"column":2},"end":{"line":249,"column":3}},"loc":{"start":{"line":247,"column":2},"end":{"line":249,"column":3}},"line":247}},"f":{"0":13,"1":13,"2":3,"3":1,"4":1,"5":1,"6":0,"7":1,"8":1,"9":1,"10":1,"11":0,"12":1,"13":0,"14":3,"15":1,"16":2,"17":1,"18":2,"19":1,"20":1,"21":2,"22":1,"23":0,"24":1,"25":1,"26":1,"27":0,"28":4,"29":28,"30":2,"31":1,"32":0}}
,"/Users/dhorton/beachdog-enterprises/beachdog-networks/git/jambones.org/git/client-sdks/agent-toolkit/typescript/src/client/api.ts": {"path":"/Users/dhorton/beachdog-enterprises/beachdog-networks/git/jambones.org/git/client-sdks/agent-toolkit/typescript/src/client/api.ts","all":false,"statementMap":{"25":{"start":{"line":26,"column":0},"end":{"line":26,"column":18}},"26":{"start":{"line":27,"column":0},"end":{"line":27,"column":26}},"27":{"start":{"line":28,"column":0},"end":{"line":28,"column":42}},"29":{"start":{"line":30,"column":0},"end":{"line":30,"column":36}},"30":{"start":{"line":31,"column":0},"end":{"line":31,"column":60}},"31":{"start":{"line":32,"column":0},"end":{"line":32,"column":20}},"32":{"start":{"line":33,"column":0},"end":{"line":33,"column":47}},"33":{"start":{"line":34,"column":0},"end":{"line":34,"column":41}},"34":{"start":{"line":35,"column":0},"end":{"line":35,"column":6}},"35":{"start":{"line":36,"column":0},"end":{"line":36,"column":3}},"37":{"start":{"line":38,"column":0},"end":{"line":38,"column":89}},"38":{"start":{"line":39,"column":0},"end":{"line":39,"column":20}},"39":{"start":{"line":40,"column":0},"end":{"line":40,"column":68}},"40":{"start":{"line":41,"column":0},"end":{"line":41,"column":90}},"41":{"start":{"line":42,"column":0},"end":{"line":42,"column":3}},"43":{"start":{"line":44,"column":0},"end":{"line":44,"column":42}},"44":{"start":{"line":45,"column":0},"end":{"line":45,"column":55}},"45":{"start":{"line":46,"column":0},"end":{"line":46,"column":20}},"46":{"start":{"line":47,"column":0},"end":{"line":47,"column":28}},"47":{"start":{"line":48,"column":0},"end":{"line":48,"column":7}},"48":{"start":{"line":49,"column":0},"end":{"line":49,"column":57}},"49":{"start":{"line":50,"column":0},"end":{"line":50,"column":36}},"50":{"start":{"line":51,"column":0},"end":{"line":51,"column":3}},"52":{"start":{"line":53,"column":0},"end":{"line":53,"column":58}},"53":{"start":{"line":54,"column":0},"end":{"line":54,"column":55}},"54":{"start":{"line":55,"column":0},"end":{"line":55,"column":21}},"55":{"start":{"line":56,"column":0},"end":{"line":56,"column":28}},"56":{"start":{"line":57,"column":0},"end":{"line":57,"column":33}},"57":{"start":{"line":58,"column":0},"end":{"line":58,"column":7}},"58":{"start":{"line":59,"column":0},"end":{"line":59,"column":58}},"59":{"start":{"line":60,"column":0},"end":{"line":60,"column":36}},"60":{"start":{"line":61,"column":0},"end":{"line":61,"column":3}},"62":{"start":{"line":63,"column":0},"end":{"line":63,"column":57}},"63":{"start":{"line":64,"column":0},"end":{"line":64,"column":55}},"64":{"start":{"line":65,"column":0},"end":{"line":65,"column":20}},"65":{"start":{"line":66,"column":0},"end":{"line":66,"column":28}},"66":{"start":{"line":67,"column":0},"end":{"line":67,"column":33}},"67":{"start":{"line":68,"column":0},"end":{"line":68,"column":7}},"68":{"start":{"line":69,"column":0},"end":{"line":69,"column":57}},"69":{"start":{"line":70,"column":0},"end":{"line":70,"column":3}},"71":{"start":{"line":72,"column":0},"end":{"line":72,"column":42}},"72":{"start":{"line":73,"column":0},"end":{"line":73,"column":55}},"73":{"start":{"line":74,"column":0},"end":{"line":74,"column":23}},"74":{"start":{"line":75,"column":0},"end":{"line":75,"column":28}},"75":{"start":{"line":76,"column":0},"end":{"line":76,"column":7}},"76":{"start":{"line":77,"column":0},"end":{"line":77,"column":60}},"77":{"start":{"line":78,"column":0},"end":{"line":78,"column":3}},"78":{"start":{"line":79,"column":0},"end":{"line":79,"column":1}},"80":{"start":{"line":81,"column":0},"end":{"line":81,"column":28}},"81":{"start":{"line":82,"column":0},"end":{"line":82,"column":70}},"84":{"start":{"line":85,"column":0},"end":{"line":85,"column":58}},"85":{"start":{"line":86,"column":0},"end":{"line":86,"column":57}},"86":{"start":{"line":87,"column":0},"end":{"line":87,"column":43}},"87":{"start":{"line":88,"column":0},"end":{"line":88,"column":10}},"88":{"start":{"line":89,"column":0},"end":{"line":89,"column":6}},"89":{"start":{"line":90,"column":0},"end":{"line":90,"column":22}},"90":{"start":{"line":91,"column":0},"end":{"line":91,"column":3}},"93":{"start":{"line":94,"column":0},"end":{"line":94,"column":61}},"94":{"start":{"line":95,"column":0},"end":{"line":95,"column":41}},"95":{"start":{"line":96,"column":0},"end":{"line":96,"column":69}},"96":{"start":{"line":97,"column":0},"end":{"line":97,"column":54}},"97":{"start":{"line":98,"column":0},"end":{"line":98,"column":48}},"98":{"start":{"line":99,"column":0},"end":{"line":99,"column":72}},"99":{"start":{"line":100,"column":0},"end":{"line":100,"column":33}},"100":{"start":{"line":101,"column":0},"end":{"line":101,"column":37}},"101":{"start":{"line":102,"column":0},"end":{"line":102,"column":63}},"102":{"start":{"line":103,"column":0},"end":{"line":103,"column":6}},"103":{"start":{"line":104,"column":0},"end":{"line":104,"column":3}},"106":{"start":{"line":107,"column":0},"end":{"line":107,"column":49}},"107":{"start":{"line":108,"column":0},"end":{"line":108,"column":35}},"108":{"start":{"line":109,"column":0},"end":{"line":109,"column":53}},"109":{"start":{"line":110,"column":0},"end":{"line":110,"column":6}},"110":{"start":{"line":111,"column":0},"end":{"line":111,"column":3}},"113":{"start":{"line":114,"column":0},"end":{"line":114,"column":37}},"114":{"start":{"line":115,"column":0},"end":{"line":115,"column":36}},"115":{"start":{"line":116,"column":0},"end":{"line":116,"column":46}},"116":{"start":{"line":117,"column":0},"end":{"line":117,"column":6}},"117":{"start":{"line":118,"column":0},"end":{"line":118,"column":3}},"120":{"start":{"line":121,"column":0},"end":{"line":121,"column":73}},"121":{"start":{"line":122,"column":0},"end":{"line":122,"column":25}},"122":{"start":{"line":123,"column":0},"end":{"line":123,"column":54}},"123":{"start":{"line":124,"column":0},"end":{"line":124,"column":10}},"124":{"start":{"line":125,"column":0},"end":{"line":125,"column":6}},"125":{"start":{"line":126,"column":0},"end":{"line":126,"column":3}},"128":{"start":{"line":129,"column":0},"end":{"line":129,"column":48}},"129":{"start":{"line":130,"column":0},"end":{"line":130,"column":25}},"130":{"start":{"line":131,"column":0},"end":{"line":131,"column":53}},"131":{"start":{"line":132,"column":0},"end":{"line":132,"column":6}},"132":{"start":{"line":133,"column":0},"end":{"line":133,"column":3}},"135":{"start":{"line":136,"column":0},"end":{"line":136,"column":68}},"136":{"start":{"line":137,"column":0},"end":{"line":137,"column":53}},"137":{"start":{"line":138,"column":0},"end":{"line":138,"column":3}},"140":{"start":{"line":141,"column":0},"end":{"line":141,"column":61}},"141":{"start":{"line":142,"column":0},"end":{"line":142,"column":51}},"142":{"start":{"line":143,"column":0},"end":{"line":143,"column":3}},"145":{"start":{"line":146,"column":0},"end":{"line":146,"column":73}},"146":{"start":{"line":147,"column":0},"end":{"line":147,"column":57}},"147":{"start":{"line":148,"column":0},"end":{"line":148,"column":3}},"148":{"start":{"line":149,"column":0},"end":{"line":149,"column":1}},"150":{"start":{"line":151,"column":0},"end":{"line":151,"column":34}},"151":{"start":{"line":152,"column":0},"end":{"line":152,"column":70}},"154":{"start":{"line":155,"column":0},"end":{"line":155,"column":35}},"155":{"start":{"line":156,"column":0},"end":{"line":156,"column":35}},"156":{"start":{"line":157,"column":0},"end":{"line":157,"column":48}},"157":{"start":{"line":158,"column":0},"end":{"line":158,"column":6}},"158":{"start":{"line":159,"column":0},"end":{"line":159,"column":3}},"159":{"start":{"line":160,"column":0},"end":{"line":160,"column":1}},"161":{"start":{"line":162,"column":0},"end":{"line":162,"column":29}},"162":{"start":{"line":163,"column":0},"end":{"line":163,"column":70}},"165":{"start":{"line":166,"column":0},"end":{"line":166,"column":53}},"166":{"start":{"line":167,"column":0},"end":{"line":167,"column":69}},"167":{"start":{"line":168,"column":0},"end":{"line":168,"column":38}},"168":{"start":{"line":169,"column":0},"end":{"line":169,"column":48}},"169":{"start":{"line":170,"column":0},"end":{"line":170,"column":6}},"170":{"start":{"line":171,"column":0},"end":{"line":171,"column":3}},"171":{"start":{"line":172,"column":0},"end":{"line":172,"column":1}},"183":{"start":{"line":184,"column":0},"end":{"line":184,"column":28}},"185":{"start":{"line":186,"column":0},"end":{"line":186,"column":32}},"187":{"start":{"line":188,"column":0},"end":{"line":188,"column":44}},"189":{"start":{"line":190,"column":0},"end":{"line":190,"column":34}},"194":{"start":{"line":195,"column":0},"end":{"line":195,"column":36}},"195":{"start":{"line":196,"column":0},"end":{"line":196,"column":38}},"196":{"start":{"line":197,"column":0},"end":{"line":197,"column":58}},"197":{"start":{"line":198,"column":0},"end":{"line":198,"column":70}},"198":{"start":{"line":199,"column":0},"end":{"line":199,"column":60}},"199":{"start":{"line":200,"column":0},"end":{"line":200,"column":3}},"200":{"start":{"line":201,"column":0},"end":{"line":201,"column":1}}},"s":{"25":1,"26":17,"27":17,"29":17,"30":17,"31":17,"32":17,"33":17,"34":17,"35":17,"37":17,"38":2,"39":2,"40":2,"41":2,"43":17,"44":10,"45":10,"46":10,"47":10,"48":10,"49":9,"50":10,"52":17,"53":2,"54":2,"55":2,"56":2,"57":2,"58":2,"59":1,"60":2,"62":17,"63":4,"64":4,"65":4,"66":4,"67":4,"68":4,"69":4,"71":17,"72":1,"73":1,"74":1,"75":1,"76":1,"77":1,"78":17,"80":1,"81":1,"84":1,"85":2,"86":2,"87":2,"88":2,"89":1,"90":2,"93":1,"94":4,"95":4,"96":4,"97":4,"98":4,"99":4,"100":4,"101":4,"102":4,"103":4,"106":1,"107":2,"108":2,"109":2,"110":2,"113":1,"114":1,"115":1,"116":1,"117":1,"120":1,"121":4,"122":4,"123":4,"124":4,"125":4,"128":1,"129":1,"130":1,"131":1,"132":1,"135":1,"136":1,"137":1,"140":1,"141":1,"142":1,"145":1,"146":1,"147":1,"148":1,"150":1,"151":1,"154":1,"155":1,"156":1,"157":1,"158":1,"159":1,"161":1,"162":1,"165":1,"166":2,"167":2,"168":2,"169":2,"170":2,"171":1,"183":1,"185":17,"187":17,"189":17,"194":17,"195":17,"196":17,"197":17,"198":17,"199":17,"200":17},"branchMap":{"0":{"type":"branch","line":26,"loc":{"start":{"line":26,"column":17},"end":{"line":79,"column":1}},"locations":[{"start":{"line":26,"column":17},"end":{"line":79,"column":1}}]},"1":{"type":"branch","line":30,"loc":{"start":{"line":30,"column":2},"end":{"line":36,"column":3}},"locations":[{"start":{"line":30,"column":2},"end":{"line":36,"column":3}}]},"2":{"type":"branch","line":38,"loc":{"start":{"line":38,"column":2},"end":{"line":42,"column":3}},"locations":[{"start":{"line":38,"column":2},"end":{"line":42,"column":3}}]},"3":{"type":"branch","line":40,"loc":{"start":{"line":40,"column":44},"end":{"line":40,"column":68}},"locations":[{"start":{"line":40,"column":44},"end":{"line":40,"column":68}}]},"4":{"type":"branch","line":44,"loc":{"start":{"line":44,"column":2},"end":{"line":51,"column":3}},"locations":[{"start":{"line":44,"column":2},"end":{"line":51,"column":3}}]},"5":{"type":"branch","line":49,"loc":{"start":{"line":49,"column":17},"end":{"line":49,"column":57}},"locations":[{"start":{"line":49,"column":17},"end":{"line":49,"column":57}}]},"6":{"type":"branch","line":49,"loc":{"start":{"line":49,"column":55},"end":{"line":50,"column":36}},"locations":[{"start":{"line":49,"column":55},"end":{"line":50,"column":36}}]},"7":{"type":"branch","line":53,"loc":{"start":{"line":53,"column":2},"end":{"line":61,"column":3}},"locations":[{"start":{"line":53,"column":2},"end":{"line":61,"column":3}}]},"8":{"type":"branch","line":59,"loc":{"start":{"line":59,"column":17},"end":{"line":60,"column":36}},"locations":[{"start":{"line":59,"column":17},"end":{"line":60,"column":36}}]},"9":{"type":"branch","line":63,"loc":{"start":{"line":63,"column":2},"end":{"line":70,"column":3}},"locations":[{"start":{"line":63,"column":2},"end":{"line":70,"column":3}}]},"10":{"type":"branch","line":69,"loc":{"start":{"line":69,"column":17},"end":{"line":69,"column":57}},"locations":[{"start":{"line":69,"column":17},"end":{"line":69,"column":57}}]},"11":{"type":"branch","line":72,"loc":{"start":{"line":72,"column":2},"end":{"line":78,"column":3}},"locations":[{"start":{"line":72,"column":2},"end":{"line":78,"column":3}}]},"12":{"type":"branch","line":77,"loc":{"start":{"line":77,"column":17},"end":{"line":77,"column":60}},"locations":[{"start":{"line":77,"column":17},"end":{"line":77,"column":60}}]},"13":{"type":"branch","line":82,"loc":{"start":{"line":82,"column":2},"end":{"line":82,"column":70}},"locations":[{"start":{"line":82,"column":2},"end":{"line":82,"column":70}}]},"14":{"type":"branch","line":85,"loc":{"start":{"line":85,"column":2},"end":{"line":91,"column":3}},"locations":[{"start":{"line":85,"column":2},"end":{"line":91,"column":3}}]},"15":{"type":"branch","line":89,"loc":{"start":{"line":89,"column":4},"end":{"line":90,"column":22}},"locations":[{"start":{"line":89,"column":4},"end":{"line":90,"column":22}}]},"16":{"type":"branch","line":94,"loc":{"start":{"line":94,"column":2},"end":{"line":104,"column":3}},"locations":[{"start":{"line":94,"column":2},"end":{"line":104,"column":3}}]},"17":{"type":"branch","line":96,"loc":{"start":{"line":96,"column":8},"end":{"line":96,"column":27}},"locations":[{"start":{"line":96,"column":8},"end":{"line":96,"column":27}}]},"18":{"type":"branch","line":96,"loc":{"start":{"line":96,"column":27},"end":{"line":96,"column":69}},"locations":[{"start":{"line":96,"column":27},"end":{"line":96,"column":69}}]},"19":{"type":"branch","line":97,"loc":{"start":{"line":97,"column":8},"end":{"line":97,"column":22}},"locations":[{"start":{"line":97,"column":8},"end":{"line":97,"column":22}}]},"20":{"type":"branch","line":97,"loc":{"start":{"line":97,"column":22},"end":{"line":97,"column":54}},"locations":[{"start":{"line":97,"column":22},"end":{"line":97,"column":54}}]},"21":{"type":"branch","line":98,"loc":{"start":{"line":98,"column":8},"end":{"line":98,"column":20}},"locations":[{"start":{"line":98,"column":8},"end":{"line":98,"column":20}}]},"22":{"type":"branch","line":98,"loc":{"start":{"line":98,"column":20},"end":{"line":98,"column":48}},"locations":[{"start":{"line":98,"column":20},"end":{"line":98,"column":48}}]},"23":{"type":"branch","line":99,"loc":{"start":{"line":99,"column":8},"end":{"line":99,"column":28}},"locations":[{"start":{"line":99,"column":8},"end":{"line":99,"column":28}}]},"24":{"type":"branch","line":99,"loc":{"start":{"line":99,"column":28},"end":{"line":99,"column":72}},"locations":[{"start":{"line":99,"column":28},"end":{"line":99,"column":72}}]},"25":{"type":"branch","line":102,"loc":{"start":{"line":102,"column":43},"end":{"line":102,"column":59}},"locations":[{"start":{"line":102,"column":43},"end":{"line":102,"column":59}}]},"26":{"type":"branch","line":102,"loc":{"start":{"line":102,"column":54},"end":{"line":102,"column":61}},"locations":[{"start":{"line":102,"column":54},"end":{"line":102,"column":61}}]},"27":{"type":"branch","line":107,"loc":{"start":{"line":107,"column":2},"end":{"line":111,"column":3}},"locations":[{"start":{"line":107,"column":2},"end":{"line":111,"column":3}}]},"28":{"type":"branch","line":114,"loc":{"start":{"line":114,"column":2},"end":{"line":118,"column":3}},"locations":[{"start":{"line":114,"column":2},"end":{"line":118,"column":3}}]},"29":{"type":"branch","line":121,"loc":{"start":{"line":121,"column":2},"end":{"line":126,"column":3}},"locations":[{"start":{"line":121,"column":2},"end":{"line":126,"column":3}}]},"30":{"type":"branch","line":129,"loc":{"start":{"line":129,"column":2},"end":{"line":133,"column":3}},"locations":[{"start":{"line":129,"column":2},"end":{"line":133,"column":3}}]},"31":{"type":"branch","line":136,"loc":{"start":{"line":136,"column":2},"end":{"line":138,"column":3}},"locations":[{"start":{"line":136,"column":2},"end":{"line":138,"column":3}}]},"32":{"type":"branch","line":141,"loc":{"start":{"line":141,"column":2},"end":{"line":143,"column":3}},"locations":[{"start":{"line":141,"column":2},"end":{"line":143,"column":3}}]},"33":{"type":"branch","line":146,"loc":{"start":{"line":146,"column":2},"end":{"line":148,"column":3}},"locations":[{"start":{"line":146,"column":2},"end":{"line":148,"column":3}}]},"34":{"type":"branch","line":152,"loc":{"start":{"line":152,"column":2},"end":{"line":152,"column":70}},"locations":[{"start":{"line":152,"column":2},"end":{"line":152,"column":70}}]},"35":{"type":"branch","line":155,"loc":{"start":{"line":155,"column":2},"end":{"line":159,"column":3}},"locations":[{"start":{"line":155,"column":2},"end":{"line":159,"column":3}}]},"36":{"type":"branch","line":163,"loc":{"start":{"line":163,"column":2},"end":{"line":163,"column":70}},"locations":[{"start":{"line":163,"column":2},"end":{"line":163,"column":70}}]},"37":{"type":"branch","line":166,"loc":{"start":{"line":166,"column":2},"end":{"line":171,"column":3}},"locations":[{"start":{"line":166,"column":2},"end":{"line":171,"column":3}}]},"38":{"type":"branch","line":167,"loc":{"start":{"line":167,"column":15},"end":{"line":167,"column":66}},"locations":[{"start":{"line":167,"column":15},"end":{"line":167,"column":66}}]},"39":{"type":"branch","line":167,"loc":{"start":{"line":167,"column":61},"end":{"line":167,"column":69}},"locations":[{"start":{"line":167,"column":61},"end":{"line":167,"column":69}}]},"40":{"type":"branch","line":184,"loc":{"start":{"line":184,"column":27},"end":{"line":201,"column":1}},"locations":[{"start":{"line":184,"column":27},"end":{"line":201,"column":1}}]},"41":{"type":"branch","line":195,"loc":{"start":{"line":195,"column":2},"end":{"line":200,"column":3}},"locations":[{"start":{"line":195,"column":2},"end":{"line":200,"column":3}}]}},"b":{"0":[17],"1":[17],"2":[2],"3":[0],"4":[10],"5":[1],"6":[9],"7":[2],"8":[1],"9":[4],"10":[0],"11":[1],"12":[0],"13":[17],"14":[2],"15":[1],"16":[4],"17":[1],"18":[1],"19":[1],"20":[0],"21":[1],"22":[0],"23":[1],"24":[1],"25":[1],"26":[3],"27":[2],"28":[1],"29":[4],"30":[1],"31":[1],"32":[1],"33":[1],"34":[17],"35":[1],"36":[17],"37":[2],"38":[1],"39":[1],"40":[17],"41":[17]},"fnMap":{"0":{"name":"<instance_members_initializer>","decl":{"start":{"line":26,"column":17},"end":{"line":79,"column":1}},"loc":{"start":{"line":26,"column":17},"end":{"line":79,"column":1}},"line":26},"1":{"name":"HttpClient","decl":{"start":{"line":30,"column":2},"end":{"line":36,"column":3}},"loc":{"start":{"line":30,"column":2},"end":{"line":36,"column":3}},"line":30},"2":{"name":"throwError","decl":{"start":{"line":38,"column":2},"end":{"line":42,"column":3}},"loc":{"start":{"line":38,"column":2},"end":{"line":42,"column":3}},"line":38},"3":{"name":"get","decl":{"start":{"line":44,"column":2},"end":{"line":51,"column":3}},"loc":{"start":{"line":44,"column":2},"end":{"line":51,"column":3}},"line":44},"4":{"name":"post","decl":{"start":{"line":53,"column":2},"end":{"line":61,"column":3}},"loc":{"start":{"line":53,"column":2},"end":{"line":61,"column":3}},"line":53},"5":{"name":"put","decl":{"start":{"line":63,"column":2},"end":{"line":70,"column":3}},"loc":{"start":{"line":63,"column":2},"end":{"line":70,"column":3}},"line":63},"6":{"name":"del","decl":{"start":{"line":72,"column":2},"end":{"line":78,"column":3}},"loc":{"start":{"line":72,"column":2},"end":{"line":78,"column":3}},"line":72},"7":{"name":"CallsResource","decl":{"start":{"line":82,"column":2},"end":{"line":82,"column":70}},"loc":{"start":{"line":82,"column":2},"end":{"line":82,"column":70}},"line":82},"8":{"name":"create","decl":{"start":{"line":85,"column":2},"end":{"line":91,"column":3}},"loc":{"start":{"line":85,"column":2},"end":{"line":91,"column":3}},"line":85},"9":{"name":"list","decl":{"start":{"line":94,"column":2},"end":{"line":104,"column":3}},"loc":{"start":{"line":94,"column":2},"end":{"line":104,"column":3}},"line":94},"10":{"name":"get","decl":{"start":{"line":107,"column":2},"end":{"line":111,"column":3}},"loc":{"start":{"line":107,"column":2},"end":{"line":111,"column":3}},"line":107},"11":{"name":"count","decl":{"start":{"line":114,"column":2},"end":{"line":118,"column":3}},"loc":{"start":{"line":114,"column":2},"end":{"line":118,"column":3}},"line":114},"12":{"name":"update","decl":{"start":{"line":121,"column":2},"end":{"line":126,"column":3}},"loc":{"start":{"line":121,"column":2},"end":{"line":126,"column":3}},"line":121},"13":{"name":"delete","decl":{"start":{"line":129,"column":2},"end":{"line":133,"column":3}},"loc":{"start":{"line":129,"column":2},"end":{"line":133,"column":3}},"line":129},"14":{"name":"redirect","decl":{"start":{"line":136,"column":2},"end":{"line":138,"column":3}},"loc":{"start":{"line":136,"column":2},"end":{"line":138,"column":3}},"line":136},"15":{"name":"whisper","decl":{"start":{"line":141,"column":2},"end":{"line":143,"column":3}},"loc":{"start":{"line":141,"column":2},"end":{"line":143,"column":3}},"line":141},"16":{"name":"mute","decl":{"start":{"line":146,"column":2},"end":{"line":148,"column":3}},"loc":{"start":{"line":146,"column":2},"end":{"line":148,"column":3}},"line":146},"17":{"name":"ConferencesResource","decl":{"start":{"line":152,"column":2},"end":{"line":152,"column":70}},"loc":{"start":{"line":152,"column":2},"end":{"line":152,"column":70}},"line":152},"18":{"name":"list","decl":{"start":{"line":155,"column":2},"end":{"line":159,"column":3}},"loc":{"start":{"line":155,"column":2},"end":{"line":159,"column":3}},"line":155},"19":{"name":"QueuesResource","decl":{"start":{"line":163,"column":2},"end":{"line":163,"column":70}},"loc":{"start":{"line":163,"column":2},"end":{"line":163,"column":70}},"line":163},"20":{"name":"list","decl":{"start":{"line":166,"column":2},"end":{"line":171,"column":3}},"loc":{"start":{"line":166,"column":2},"end":{"line":171,"column":3}},"line":166},"21":{"name":"<instance_members_initializer>","decl":{"start":{"line":184,"column":27},"end":{"line":201,"column":1}},"loc":{"start":{"line":184,"column":27},"end":{"line":201,"column":1}},"line":184},"22":{"name":"JambonzClient","decl":{"start":{"line":195,"column":2},"end":{"line":200,"column":3}},"loc":{"start":{"line":195,"column":2},"end":{"line":200,"column":3}},"line":195}},"f":{"0":17,"1":17,"2":2,"3":10,"4":2,"5":4,"6":1,"7":17,"8":2,"9":4,"10":2,"11":1,"12":4,"13":1,"14":1,"15":1,"16":1,"17":17,"18":1,"19":17,"20":2,"21":17,"22":17}}
,"/Users/dhorton/beachdog-enterprises/beachdog-networks/git/jambones.org/git/client-sdks/agent-toolkit/typescript/src/client/index.ts": {"path":"/Users/dhorton/beachdog-enterprises/beachdog-networks/git/jambones.org/git/client-sdks/agent-toolkit/typescript/src/client/index.ts","all":true,"statementMap":{"0":{"start":{"line":1,"column":0},"end":{"line":1,"column":113}}},"s":{"0":0},"branchMap":{"0":{"type":"branch","line":1,"loc":{"start":{"line":1,"column":0},"end":{"line":1,"column":113}},"locations":[{"start":{"line":1,"column":0},"end":{"line":1,"column":113}}]}},"b":{"0":[0]},"fnMap":{"0":{"name":"(empty-report)","decl":{"start":{"line":1,"column":0},"end":{"line":1,"column":113}},"loc":{"start":{"line":1,"column":0},"end":{"line":1,"column":113}},"line":1}},"f":{"0":0}}
,"/Users/dhorton/beachdog-enterprises/beachdog-networks/git/jambones.org/git/client-sdks/agent-toolkit/typescript/src/types/common.ts": {"path":"/Users/dhorton/beachdog-enterprises/beachdog-networks/git/jambones.org/git/client-sdks/agent-toolkit/typescript/src/types/common.ts","all":true,"statementMap":{},"s":{},"branchMap":{"0":{"type":"branch","line":1,"loc":{"start":{"line":1,"column":1157},"end":{"line":33,"column":53}},"locations":[{"start":{"line":1,"column":1157},"end":{"line":33,"column":53}}]}},"b":{"0":[1]},"fnMap":{"0":{"name":"(empty-report)","decl":{"start":{"line":1,"column":1157},"end":{"line":33,"column":53}},"loc":{"start":{"line":1,"column":1157},"end":{"line":33,"column":53}},"line":1}},"f":{"0":1}}
,"/Users/dhorton/beachdog-enterprises/beachdog-networks/git/jambones.org/git/client-sdks/agent-toolkit/typescript/src/types/components.ts": {"path":"/Users/dhorton/beachdog-enterprises/beachdog-networks/git/jambones.org/git/client-sdks/agent-toolkit/typescript/src/types/components.ts","all":true,"statementMap":{},"s":{},"branchMap":{"0":{"type":"branch","line":1,"loc":{"start":{"line":1,"column":9363},"end":{"line":261,"column":1}},"locations":[{"start":{"line":1,"column":9363},"end":{"line":261,"column":1}}]}},"b":{"0":[1]},"fnMap":{"0":{"name":"(empty-report)","decl":{"start":{"line":1,"column":9363},"end":{"line":261,"column":1}},"loc":{"start":{"line":1,"column":9363},"end":{"line":261,"column":1}},"line":1}},"f":{"0":1}}
,"/Users/dhorton/beachdog-enterprises/beachdog-networks/git/jambones.org/git/client-sdks/agent-toolkit/typescript/src/types/index.ts": {"path":"/Users/dhorton/beachdog-enterprises/beachdog-networks/git/jambones.org/git/client-sdks/agent-toolkit/typescript/src/types/index.ts","all":true,"statementMap":{},"s":{},"branchMap":{"0":{"type":"branch","line":1,"loc":{"start":{"line":1,"column":1102},"end":{"line":76,"column":19}},"locations":[{"start":{"line":1,"column":1102},"end":{"line":76,"column":19}}]}},"b":{"0":[1]},"fnMap":{"0":{"name":"(empty-report)","decl":{"start":{"line":1,"column":1102},"end":{"line":76,"column":19}},"loc":{"start":{"line":1,"column":1102},"end":{"line":76,"column":19}},"line":1}},"f":{"0":1}}
,"/Users/dhorton/beachdog-enterprises/beachdog-networks/git/jambones.org/git/client-sdks/agent-toolkit/typescript/src/types/rest.ts": {"path":"/Users/dhorton/beachdog-enterprises/beachdog-networks/git/jambones.org/git/client-sdks/agent-toolkit/typescript/src/types/rest.ts","all":true,"statementMap":{},"s":{},"branchMap":{"0":{"type":"branch","line":1,"loc":{"start":{"line":1,"column":3961},"end":{"line":132,"column":1}},"locations":[{"start":{"line":1,"column":3961},"end":{"line":132,"column":1}}]}},"b":{"0":[1]},"fnMap":{"0":{"name":"(empty-report)","decl":{"start":{"line":1,"column":3961},"end":{"line":132,"column":1}},"loc":{"start":{"line":1,"column":3961},"end":{"line":132,"column":1}},"line":1}},"f":{"0":1}}
,"/Users/dhorton/beachdog-enterprises/beachdog-networks/git/jambones.org/git/client-sdks/agent-toolkit/typescript/src/types/session.ts": {"path":"/Users/dhorton/beachdog-enterprises/beachdog-networks/git/jambones.org/git/client-sdks/agent-toolkit/typescript/src/types/session.ts","all":true,"statementMap":{},"s":{},"branchMap":{"0":{"type":"branch","line":1,"loc":{"start":{"line":1,"column":3866},"end":{"line":132,"column":1}},"locations":[{"start":{"line":1,"column":3866},"end":{"line":132,"column":1}}]}},"b":{"0":[1]},"fnMap":{"0":{"name":"(empty-report)","decl":{"start":{"line":1,"column":3866},"end":{"line":132,"column":1}},"loc":{"start":{"line":1,"column":3866},"end":{"line":132,"column":1}},"line":1}},"f":{"0":1}}
,"/Users/dhorton/beachdog-enterprises/beachdog-networks/git/jambones.org/git/client-sdks/agent-toolkit/typescript/src/types/verbs.ts": {"path":"/Users/dhorton/beachdog-enterprises/beachdog-networks/git/jambones.org/git/client-sdks/agent-toolkit/typescript/src/types/verbs.ts","all":true,"statementMap":{},"s":{},"branchMap":{"0":{"type":"branch","line":1,"loc":{"start":{"line":1,"column":17937},"end":{"line":632,"column":36}},"locations":[{"start":{"line":1,"column":17937},"end":{"line":632,"column":36}}]}},"b":{"0":[1]},"fnMap":{"0":{"name":"(empty-report)","decl":{"start":{"line":1,"column":17937},"end":{"line":632,"column":36}},"loc":{"start":{"line":1,"column":17937},"end":{"line":632,"column":36}},"line":1}},"f":{"0":1}}
,"/Users/dhorton/beachdog-enterprises/beachdog-networks/git/jambones.org/git/client-sdks/agent-toolkit/typescript/src/webhook/env-vars.ts": {"path":"/Users/dhorton/beachdog-enterprises/beachdog-networks/git/jambones.org/git/client-sdks/agent-toolkit/typescript/src/webhook/env-vars.ts","all":false,"statementMap":{"23":{"start":{"line":24,"column":0},"end":{"line":24,"column":57}},"24":{"start":{"line":25,"column":0},"end":{"line":25,"column":97}},"25":{"start":{"line":26,"column":0},"end":{"line":26,"column":35}},"26":{"start":{"line":27,"column":0},"end":{"line":27,"column":23}},"27":{"start":{"line":28,"column":0},"end":{"line":28,"column":13}},"28":{"start":{"line":29,"column":0},"end":{"line":29,"column":5}},"29":{"start":{"line":30,"column":0},"end":{"line":30,"column":11}},"30":{"start":{"line":31,"column":0},"end":{"line":31,"column":4}},"31":{"start":{"line":32,"column":0},"end":{"line":32,"column":1}}},"s":{"23":1,"24":3,"25":3,"26":1,"27":1,"28":1,"29":2,"30":3,"31":3},"branchMap":{"0":{"type":"branch","line":24,"loc":{"start":{"line":24,"column":7},"end":{"line":32,"column":1}},"locations":[{"start":{"line":24,"column":7},"end":{"line":32,"column":1}}]},"1":{"type":"branch","line":25,"loc":{"start":{"line":25,"column":9},"end":{"line":31,"column":4}},"locations":[{"start":{"line":25,"column":9},"end":{"line":31,"column":4}}]},"2":{"type":"branch","line":26,"loc":{"start":{"line":26,"column":34},"end":{"line":29,"column":5}},"locations":[{"start":{"line":26,"column":34},"end":{"line":29,"column":5}}]},"3":{"type":"branch","line":29,"loc":{"start":{"line":29,"column":4},"end":{"line":30,"column":11}},"locations":[{"start":{"line":29,"column":4},"end":{"line":30,"column":11}}]}},"b":{"0":[3],"1":[3],"2":[1],"3":[2]},"fnMap":{"0":{"name":"envVarsMiddleware","decl":{"start":{"line":24,"column":7},"end":{"line":32,"column":1}},"loc":{"start":{"line":24,"column":7},"end":{"line":32,"column":1}},"line":24}},"f":{"0":3}}
,"/Users/dhorton/beachdog-enterprises/beachdog-networks/git/jambones.org/git/client-sdks/agent-toolkit/typescript/src/webhook/index.ts": {"path":"/Users/dhorton/beachdog-enterprises/beachdog-networks/git/jambones.org/git/client-sdks/agent-toolkit/typescript/src/webhook/index.ts","all":true,"statementMap":{"0":{"start":{"line":1,"column":0},"end":{"line":1,"column":48}}},"s":{"0":0},"branchMap":{"0":{"type":"branch","line":1,"loc":{"start":{"line":1,"column":0},"end":{"line":2,"column":-1}},"locations":[{"start":{"line":1,"column":0},"end":{"line":2,"column":-1}}]}},"b":{"0":[0]},"fnMap":{"0":{"name":"(empty-report)","decl":{"start":{"line":1,"column":0},"end":{"line":2,"column":-1}},"loc":{"start":{"line":1,"column":0},"end":{"line":2,"column":-1}},"line":1}},"f":{"0":0}}
[...]
end":{"line":163,"column":33}},"163":{"start":{"line":164,"column":0},"end":{"line":164,"column":33}},"164":{"start":{"line":165,"column":0},"end":{"line":165,"column":16}},"165":{"start":{"line":166,"column":0},"end":{"line":166,"column":3}},"172":{"start":{"line":173,"column":0},"end":{"line":173,"column":50}},"173":{"start":{"line":174,"column":0},"end":{"line":174,"column":54}},"174":{"start":{"line":175,"column":0},"end":{"line":175,"column":39}},"175":{"start":{"line":176,"column":0},"end":{"line":176,"column":25}},"177":{"start":{"line":178,"column":0},"end":{"line":178,"column":22}},"179":{"start":{"line":180,"column":0},"end":{"line":180,"column":24}},"180":{"start":{"line":181,"column":0},"end":{"line":181,"column":36}},"181":{"start":{"line":182,"column":0},"end":{"line":182,"column":20}},"182":{"start":{"line":183,"column":0},"end":{"line":183,"column":26}},"183":{"start":{"line":184,"column":0},"end":{"line":184,"column":13}},"184":{"start":{"line":185,"column":0},"end":{"line":185,"column":8}},"185":{"start":{"line":186,"column":0},"end":{"line":186,"column":28}},"186":{"start":{"line":187,"column":0},"end":{"line":187,"column":12}},"187":{"start":{"line":188,"column":0},"end":{"line":188,"column":36}},"188":{"start":{"line":189,"column":0},"end":{"line":189,"column":24}},"189":{"start":{"line":190,"column":0},"end":{"line":190,"column":28}},"190":{"start":{"line":191,"column":0},"end":{"line":191,"column":37}},"191":{"start":{"line":192,"column":0},"end":{"line":192,"column":13}},"192":{"start":{"line":193,"column":0},"end":{"line":193,"column":8}},"193":{"start":{"line":194,"column":0},"end":{"line":194,"column":28}},"194":{"start":{"line":195,"column":0},"end":{"line":195,"column":5}},"195":{"start":{"line":196,"column":0},"end":{"line":196,"column":3}},"198":{"start":{"line":199,"column":0},"end":{"line":199,"column":51}},"199":{"start":{"line":200,"column":0},"end":{"line":200,"column":54}},"200":{"start":{"line":201,"column":0},"end":{"line":201,"column":39}},"201":{"start":{"line":202,"column":0},"end":{"line":202,"column":25}},"203":{"start":{"line":204,"column":0},"end":{"line":204,"column":34}},"204":{"start":{"line":205,"column":0},"end":{"line":205,"column":18}},"205":{"start":{"line":206,"column":0},"end":{"line":206,"column":24}},"206":{"start":{"line":207,"column":0},"end":{"line":207,"column":11}},"207":{"start":{"line":208,"column":0},"end":{"line":208,"column":6}},"209":{"start":{"line":210,"column":0},"end":{"line":210,"column":25}},"210":{"start":{"line":211,"column":0},"end":{"line":211,"column":32}},"211":{"start":{"line":212,"column":0},"end":{"line":212,"column":36}},"212":{"start":{"line":213,"column":0},"end":{"line":213,"column":35}},"213":{"start":{"line":214,"column":0},"end":{"line":214,"column":5}},"215":{"start":{"line":216,"column":0},"end":{"line":216,"column":26}},"216":{"start":{"line":217,"column":0},"end":{"line":217,"column":3}},"230":{"start":{"line":231,"column":0},"end":{"line":231,"column":38}},"231":{"start":{"line":232,"column":0},"end":{"line":232,"column":51}},"232":{"start":{"line":233,"column":0},"end":{"line":233,"column":16}},"233":{"start":{"line":234,"column":0},"end":{"line":234,"column":3}},"240":{"start":{"line":241,"column":0},"end":{"line":241,"column":74}},"241":{"start":{"line":242,"column":0},"end":{"line":242,"column":17}},"242":{"start":{"line":243,"column":0},"end":{"line":243,"column":22}},"243":{"start":{"line":244,"column":0},"end":{"line":244,"column":14}},"244":{"start":{"line":245,"column":0},"end":{"line":245,"column":38}},"245":{"start":{"line":246,"column":0},"end":{"line":246,"column":66}},"246":{"start":{"line":247,"column":0},"end":{"line":247,"column":7}},"247":{"start":{"line":248,"column":0},"end":{"line":248,"column":3}},"250":{"start":{"line":251,"column":0},"end":{"line":251,"column":98}},"251":{"start":{"line":252,"column":0},"end":{"line":252,"column":65}},"252":{"start":{"line":253,"column":0},"end":{"line":253,"column":3}},"255":{"start":{"line":256,"column":0},"end":{"line":256,"column":62}},"256":{"start":{"line":257,"column":0},"end":{"line":257,"column":56}},"257":{"start":{"line":258,"column":0},"end":{"line":258,"column":56}},"258":{"start":{"line":259,"column":0},"end":{"line":259,"column":3}},"261":{"start":{"line":262,"column":0},"end":{"line":262,"column":65}},"262":{"start":{"line":263,"column":0},"end":{"line":263,"column":72}},"263":{"start":{"line":264,"column":0},"end":{"line":264,"column":3}},"266":{"start":{"line":267,"column":0},"end":{"line":267,"column":74}},"267":{"start":{"line":268,"column":0},"end":{"line":268,"column":76}},"268":{"start":{"line":269,"column":0},"end":{"line":269,"column":3}},"271":{"start":{"line":272,"column":0},"end":{"line":272,"column":171}},"272":{"start":{"line":273,"column":0},"end":{"line":273,"column":63}},"273":{"start":{"line":274,"column":0},"end":{"line":274,"column":3}},"276":{"start":{"line":277,"column":0},"end":{"line":277,"column":72}},"277":{"start":{"line":278,"column":0},"end":{"line":278,"column":100}},"278":{"start":{"line":279,"column":0},"end":{"line":279,"column":3}},"281":{"start":{"line":282,"column":0},"end":{"line":282,"column":68}},"282":{"start":{"line":283,"column":0},"end":{"line":283,"column":45}},"283":{"start":{"line":284,"column":0},"end":{"line":284,"column":3}},"286":{"start":{"line":287,"column":0},"end":{"line":287,"column":54}},"287":{"start":{"line":288,"column":0},"end":{"line":288,"column":17}},"288":{"start":{"line":289,"column":0},"end":{"line":289,"column":22}},"289":{"start":{"line":290,"column":0},"end":{"line":290,"column":14}},"290":{"start":{"line":291,"column":0},"end":{"line":291,"column":11}},"291":{"start":{"line":292,"column":0},"end":{"line":292,"column":7}},"292":{"start":{"line":293,"column":0},"end":{"line":293,"column":3}},"295":{"start":{"line":296,"column":0},"end":{"line":296,"column":59}},"296":{"start":{"line":297,"column":0},"end":{"line":297,"column":17}},"297":{"start":{"line":298,"column":0},"end":{"line":298,"column":22}},"298":{"start":{"line":299,"column":0},"end":{"line":299,"column":33}},"299":{"start":{"line":300,"column":0},"end":{"line":300,"column":117}},"300":{"start":{"line":301,"column":0},"end":{"line":301,"column":7}},"301":{"start":{"line":302,"column":0},"end":{"line":302,"column":3}},"304":{"start":{"line":305,"column":0},"end":{"line":305,"column":34}},"305":{"start":{"line":306,"column":0},"end":{"line":306,"column":17}},"306":{"start":{"line":307,"column":0},"end":{"line":307,"column":22}},"307":{"start":{"line":308,"column":0},"end":{"line":308,"column":28}},"308":{"start":{"line":309,"column":0},"end":{"line":309,"column":11}},"309":{"start":{"line":310,"column":0},"end":{"line":310,"column":7}},"310":{"start":{"line":311,"column":0},"end":{"line":311,"column":3}},"317":{"start":{"line":318,"column":0},"end":{"line":318,"column":30}},"318":{"start":{"line":319,"column":0},"end":{"line":319,"column":26}},"319":{"start":{"line":320,"column":0},"end":{"line":320,"column":3}},"327":{"start":{"line":328,"column":0},"end":{"line":328,"column":46}},"328":{"start":{"line":329,"column":0},"end":{"line":329,"column":45}},"329":{"start":{"line":330,"column":0},"end":{"line":330,"column":35}},"330":{"start":{"line":331,"column":0},"end":{"line":331,"column":84}},"332":{"start":{"line":333,"column":0},"end":{"line":333,"column":62}},"333":{"start":{"line":334,"column":0},"end":{"line":334,"column":28}},"334":{"start":{"line":335,"column":0},"end":{"line":335,"column":7}},"335":{"start":{"line":336,"column":0},"end":{"line":336,"column":7}},"336":{"start":{"line":337,"column":0},"end":{"line":337,"column":3}},"339":{"start":{"line":340,"column":0},"end":{"line":340,"column":26}},"340":{"start":{"line":341,"column":0},"end":{"line":341,"column":41}},"341":{"start":{"line":342,"column":0},"end":{"line":342,"column":36}},"342":{"start":{"line":343,"column":0},"end":{"line":343,"column":12}},"343":{"start":{"line":344,"column":0},"end":{"line":344,"column":30}},"344":{"start":{"line":345,"column":0},"end":{"line":345,"column":22}},"345":{"start":{"line":346,"column":0},"end":{"line":346,"column":30}},"346":{"start":{"line":347,"column":0},"end":{"line":347,"column":26}},"347":{"start":{"line":348,"column":0},"end":{"line":348,"column":25}},"348":{"start":{"line":349,"column":0},"end":{"line":349,"column":9}},"349":{"start":{"line":350,"column":0},"end":{"line":350,"column":5}},"350":{"start":{"line":351,"column":0},"end":{"line":351,"column":3}},"353":{"start":{"line":354,"column":0},"end":{"line":354,"column":26}},"354":{"start":{"line":355,"column":0},"end":{"line":355,"column":44}},"355":{"start":{"line":356,"column":0},"end":{"line":356,"column":36}},"356":{"start":{"line":357,"column":0},"end":{"line":357,"column":24}},"357":{"start":{"line":358,"column":0},"end":{"line":358,"column":7}},"358":{"start":{"line":359,"column":0},"end":{"line":359,"column":5}},"359":{"start":{"line":360,"column":0},"end":{"line":360,"column":27}},"360":{"start":{"line":361,"column":0},"end":{"line":361,"column":27}},"361":{"start":{"line":362,"column":0},"end":{"line":362,"column":34}},"362":{"start":{"line":363,"column":0},"end":{"line":363,"column":3}},"364":{"start":{"line":365,"column":0},"end":{"line":365,"column":32}},"366":{"start":{"line":367,"column":0},"end":{"line":367,"column":83}},"367":{"start":{"line":368,"column":0},"end":{"line":368,"column":47}},"368":{"start":{"line":369,"column":0},"end":{"line":369,"column":36}},"369":{"start":{"line":370,"column":0},"end":{"line":370,"column":22}},"370":{"start":{"line":371,"column":0},"end":{"line":371,"column":5}},"373":{"start":{"line":374,"column":0},"end":{"line":374,"column":58}},"374":{"start":{"line":375,"column":0},"end":{"line":375,"column":41}},"375":{"start":{"line":376,"column":0},"end":{"line":376,"column":19}},"376":{"start":{"line":377,"column":0},"end":{"line":377,"column":24}},"377":{"start":{"line":378,"column":0},"end":{"line":378,"column":30}},"378":{"start":{"line":379,"column":0},"end":{"line":379,"column":53}},"379":{"start":{"line":380,"column":0},"end":{"line":380,"column":9}},"381":{"start":{"line":382,"column":0},"end":{"line":382,"column":5}},"382":{"start":{"line":383,"column":0},"end":{"line":383,"column":3}},"384":{"start":{"line":385,"column":0},"end":{"line":385,"column":70}},"385":{"start":{"line":386,"column":0},"end":{"line":386,"column":47}},"387":{"start":{"line":388,"column":0},"end":{"line":388,"column":39}},"388":{"start":{"line":389,"column":0},"end":{"line":389,"column":40}},"390":{"start":{"line":391,"column":0},"end":{"line":391,"column":89}},"392":{"start":{"line":393,"column":0},"end":{"line":393,"column":26}},"393":{"start":{"line":394,"column":0},"end":{"line":394,"column":32}},"394":{"start":{"line":395,"column":0},"end":{"line":395,"column":22}},"395":{"start":{"line":396,"column":0},"end":{"line":396,"column":35}},"396":{"start":{"line":397,"column":0},"end":{"line":397,"column":28}},"398":{"start":{"line":399,"column":0},"end":{"line":399,"column":22}},"399":{"start":{"line":400,"column":0},"end":{"line":400,"column":12}},"400":{"start":{"line":401,"column":0},"end":{"line":401,"column":32}},"401":{"start":{"line":402,"column":0},"end":{"line":402,"column":60}},"402":{"start":{"line":403,"column":0},"end":{"line":403,"column":5}},"404":{"start":{"line":405,"column":0},"end":{"line":405,"column":58}},"405":{"start":{"line":406,"column":0},"end":{"line":406,"column":26}},"406":{"start":{"line":407,"column":0},"end":{"line":407,"column":5}},"407":{"start":{"line":408,"column":0},"end":{"line":408,"column":3}},"409":{"start":{"line":410,"column":0},"end":{"line":410,"column":42}},"410":{"start":{"line":411,"column":0},"end":{"line":411,"column":44}},"411":{"start":{"line":412,"column":0},"end":{"line":412,"column":36}},"412":{"start":{"line":413,"column":0},"end":{"line":413,"column":24}},"413":{"start":{"line":414,"column":0},"end":{"line":414,"column":7}},"414":{"start":{"line":415,"column":0},"end":{"line":415,"column":5}},"415":{"start":{"line":416,"column":0},"end":{"line":416,"column":27}},"416":{"start":{"line":417,"column":0},"end":{"line":417,"column":27}},"417":{"start":{"line":418,"column":0},"end":{"line":418,"column":36}},"418":{"start":{"line":419,"column":0},"end":{"line":419,"column":3}},"420":{"start":{"line":421,"column":0},"end":{"line":421,"column":38}},"421":{"start":{"line":422,"column":0},"end":{"line":422,"column":27}},"422":{"start":{"line":423,"column":0},"end":{"line":423,"column":24}},"423":{"start":{"line":424,"column":0},"end":{"line":424,"column":3}},"429":{"start":{"line":430,"column":0},"end":{"line":430,"column":65}},"430":{"start":{"line":431,"column":0},"end":{"line":431,"column":9}},"431":{"start":{"line":432,"column":0},"end":{"line":432,"column":95}},"432":{"start":{"line":433,"column":0},"end":{"line":433,"column":47}},"433":{"start":{"line":434,"column":0},"end":{"line":434,"column":46}},"435":{"start":{"line":436,"column":0},"end":{"line":436,"column":21}},"436":{"start":{"line":437,"column":0},"end":{"line":437,"column":25}},"437":{"start":{"line":438,"column":0},"end":{"line":438,"column":32}},"438":{"start":{"line":439,"column":0},"end":{"line":439,"column":28}},"439":{"start":{"line":440,"column":0},"end":{"line":440,"column":29}},"440":{"start":{"line":441,"column":0},"end":{"line":441,"column":53}},"441":{"start":{"line":442,"column":0},"end":{"line":442,"column":34}},"442":{"start":{"line":443,"column":0},"end":{"line":443,"column":83}},"443":{"start":{"line":444,"column":0},"end":{"line":444,"column":47}},"444":{"start":{"line":445,"column":0},"end":{"line":445,"column":18}},"446":{"start":{"line":447,"column":0},"end":{"line":447,"column":25}},"447":{"start":{"line":448,"column":0},"end":{"line":448,"column":11}},"448":{"start":{"line":449,"column":0},"end":{"line":449,"column":16}},"450":{"start":{"line":451,"column":0},"end":{"line":451,"column":25}},"451":{"start":{"line":452,"column":0},"end":{"line":452,"column":29}},"452":{"start":{"line":453,"column":0},"end":{"line":453,"column":21}},"453":{"start":{"line":454,"column":0},"end":{"line":454,"column":34}},"454":{"start":{"line":455,"column":0},"end":{"line":455,"column":11}},"455":{"start":{"line":456,"column":0},"end":{"line":456,"column":32}},"456":{"start":{"line":457,"column":0},"end":{"line":457,"column":16}},"458":{"start":{"line":459,"column":0},"end":{"line":459,"column":35}},"459":{"start":{"line":460,"column":0},"end":{"line":460,"column":54}},"460":{"start":{"line":461,"column":0},"end":{"line":461,"column":38}},"461":{"start":{"line":462,"column":0},"end":{"line":462,"column":64}},"462":{"start":{"line":463,"column":0},"end":{"line":463,"column":42}},"463":{"start":{"line":464,"column":0},"end":{"line":464,"column":11}},"465":{"start":{"line":466,"column":0},"end":{"line":466,"column":33}},"466":{"start":{"line":467,"column":0},"end":{"line":467,"column":54}},"467":{"start":{"line":468,"column":0},"end":{"line":468,"column":11}},"469":{"start":{"line":470,"column":0},"end":{"line":470,"column":49}},"470":{"start":{"line":471,"column":0},"end":{"line":471,"column":16}},"472":{"start":{"line":473,"column":0},"end":{"line":473,"column":33}},"473":{"start":{"line":474,"column":0},"end":{"line":474,"column":49}},"474":{"start":{"line":475,"column":0},"end":{"line":475,"column":16}},"476":{"start":{"line":477,"column":0},"end":{"line":477,"column":27}},"477":{"start":{"line":478,"column":0},"end":{"line":478,"column":27}},"478":{"start":{"line":479,"column":0},"end":{"line":479,"column":29}},"479":{"start":{"line":480,"column":0},"end":{"line":480,"column":32}},"480":{"start":{"line":481,"column":0},"end":{"line":481,"column":16}},"482":{"start":{"line":483,"column":0},"end":{"line":483,"column":16}},"483":{"start":{"line":484,"column":0},"end":{"line":484,"column":73}},"484":{"start":{"line":485,"column":0},"end":{"line":485,"column":7}},"485":{"start":{"line":486,"column":0},"end":{"line":486,"column":19}},"486":{"start":{"line":487,"column":0},"end":{"line":487,"column":67}},"487":{"start":{"line":488,"column":0},"end":{"line":488,"column":5}},"488":{"start":{"line":489,"column":0},"end":{"line":489,"column":3}},"494":{"start":{"line":495,"column":0},"end":{"line":495,"column":67}},"495":{"start":{"line":496,"column":0},"end":{"line":496,"column":56}},"496":{"start":{"line":497,"column":0},"end":{"line":497,"column":40}},"497":{"start":{"line":498,"column":0},"end":{"line":498,"column":5}},"498":{"start":{"line":499,"column":0},"end":{"line":499,"column":3}},"501":{"start":{"line":502,"column":0},"end":{"line":502,"column":17}},"502":{"start":{"line":503,"column":0},"end":{"line":503,"column":20}},"503":{"start":{"line":504,"column":0},"end":{"line":504,"column":3}},"505":{"start":{"line":506,"column":0},"end":{"line":506,"column":25}},"506":{"start":{"line":507,"column":0},"end":{"line":507,"column":21}},"507":{"start":{"line":508,"column":0},"end":{"line":508,"column":3}},"508":{"start":{"line":509,"column":0},"end":{"line":509,"column":1}}},"s":{"0":0,"37":0,"39":0,"41":0,"43":0,"45":0,"47":0,"49":0,"51":0,"53":0,"55":0,"57":0,"59":0,"60":0,"61":0,"62":0,"63":0,"64":0,"65":0,"66":0,"69":0,"70":0,"72":0,"73":0,"74":0,"75":0,"76":0,"77":0,"78":0,"79":0,"80":0,"81":0,"82":0,"83":0,"85":0,"86":0,"87":0,"88":0,"91":0,"92":0,"93":0,"95":0,"96":0,"97":0,"99":0,"100":0,"101":0,"102":0,"109":0,"111":0,"113":0,"115":0,"117":0,"119":0,"121":0,"123":0,"125":0,"127":0,"129":0,"131":0,"133":0,"135":0,"137":0,"139":0,"141":0,"143":0,"145":0,"147":0,"149":0,"151":0,"153":0,"155":0,"157":0,"159":0,"162":0,"163":0,"164":0,"165":0,"172":0,"173":0,"174":0,"175":0,"177":0,"179":0,"180":0,"181":0,"182":0,"183":0,"184":0,"185":0,"186":0,"187":0,"188":0,"189":0,"190":0,"191":0,"192":0,"193":0,"194":0,"195":0,"198":0,"199":0,"200":0,"201":0,"203":0,"204":0,"205":0,"206":0,"207":0,"209":0,"210":0,"211":0,"212":0,"213":0,"215":0,"216":0,"230":0,"231":0,"232":0,"233":0,"240":0,"241":0,"242":0,"243":0,"244":0,"245":0,"246":0,"247":0,"250":0,"251":0,"252":0,"255":0,"256":0,"257":0,"258":0,"261":0,"262":0,"263":0,"266":0,"267":0,"268":0,"271":0,"272":0,"273":0,"276":0,"277":0,"278":0,"281":0,"282":0,"283":0,"286":0,"287":0,"288":0,"289":0,"290":0,"291":0,"292":0,"295":0,"296":0,"297":0,"298":0,"299":0,"300":0,"301":0,"304":0,"305":0,"306":0,"307":0,"308":0,"309":0,"310":0,"317":0,"318":0,"319":0,"327":0,"328":0,"329":0,"330":0,"332":0,"333":0,"334":0,"335":0,"336":0,"339":0,"340":0,"341":0,"342":0,"343":0,"344":0,"345":0,"346":0,"347":0,"348":0,"349":0,"350":0,"353":0,"354":0,"355":0,"356":0,"357":0,"358":0,"359":0,"360":0,"361":0,"362":0,"364":0,"366":0,"367":0,"368":0,"369":0,"370":0,"373":0,"374":0,"375":0,"376":0,"377":0,"378":0,"379":0,"381":0,"382":0,"384":0,"385":0,"387":0,"388":0,"390":0,"392":0,"393":0,"394":0,"395":0,"396":0,"398":0,"399":0,"400":0,"401":0,"402":0,"404":0,"405":0,"406":0,"407":0,"409":0,"410":0,"411":0,"412":0,"413":0,"414":0,"415":0,"416":0,"417":0,"418":0,"420":0,"421":0,"422":0,"423":0,"429":0,"430":0,"431":0,"432":0,"433":0,"435":0,"436":0,"437":0,"438":0,"439":0,"440":0,"441":0,"442":0,"443":0,"444":0,"446":0,"447":0,"448":0,"450":0,"451":0,"452":0,"453":0,"454":0,"455":0,"456":0,"458":0,"459":0,"460":0,"461":0,"462":0,"463":0,"465":0,"466":0,"467":0,"469":0,"470":0,"472":0,"473":0,"474":0,"476":0,"477":0,"478":0,"479":0,"480":0,"482":0,"483":0,"484":0,"485":0,"486":0,"487":0,"488":0,"494":0,"495":0,"496":0,"497":0,"498":0,"501":0,"502":0,"503":0,"505":0,"506":0,"507":0,"508":0},"branchMap":{"0":{"type":"branch","line":1,"loc":{"start":{"line":1,"column":18635},"end":{"line":509,"column":1}},"locations":[{"start":{"line":1,"column":18635},"end":{"line":509,"column":1}}]}},"b":{"0":[0]},"fnMap":{"0":{"name":"(empty-report)","decl":{"start":{"line":1,"column":18635},"end":{"line":509,"column":1}},"loc":{"start":{"line":1,"column":18635},"end":{"line":509,"column":1}},"line":1}},"f":{"0":0}}
}
